#
# A fatal error has been detected by the Java Runtime Environment:
#
#  EXCEPTION_ACCESS_VIOLATION (0xc0000005) at pc=0x00007ffba4e70226, pid=12824, tid=236
#
# JRE version: OpenJDK Runtime Environment (11.0.15) (build 11.0.15+0-b2043.56-8887301)
# Java VM: OpenJDK 64-Bit Server VM (11.0.15+0-b2043.56-8887301, mixed mode, tiered, compressed oops, g1 gc, windows-amd64)
# Problematic frame:
# V  [jvm.dll+0x760226]
#
# No core dump will be written. Minidumps are not enabled by default on client versions of Windows
#
# If you would like to submit a bug report, please visit:
#   https://bugreport.java.com/bugreport/crash.jsp
#

---------------  S U M M A R Y ------------

Command Line: --add-opens=java.base/java.util=ALL-UNNAMED --add-opens=java.base/java.lang=ALL-UNNAMED --add-opens=java.base/java.lang.invoke=ALL-UNNAMED --add-opens=java.base/java.util=ALL-UNNAMED --add-opens=java.prefs/java.util.prefs=ALL-UNNAMED --add-opens=java.prefs/java.util.prefs=ALL-UNNAMED --add-opens=java.base/java.nio.charset=ALL-UNNAMED --add-opens=java.base/java.net=ALL-UNNAMED --add-opens=java.base/java.util.concurrent.atomic=ALL-UNNAMED -Xmx2048m -Dfile.encoding=UTF-8 -Duser.country=US -Duser.language=en -Duser.variant org.gradle.launcher.daemon.bootstrap.GradleDaemon 7.5

Host: Intel(R) Core(TM) i5-6200U CPU @ 2.30GHz, 4 cores, 7G,  Windows 10 , 64 bit Build 19041 (10.0.19041.2364)
Time: Wed Jan 25 02:41:42 2023 Pakistan Standard Time elapsed time: 40.013008 seconds (0d 0h 0m 40s)

---------------  T H R E A D  ---------------

Current thread (0x00000224e98fd000):  GCTaskThread "GC Thread#3" [stack: 0x0000008defe00000,0x0000008deff00000] [id=236]

Stack: [0x0000008defe00000,0x0000008deff00000],  sp=0x0000008defeff970,  free space=1022k
Native frames: (J=compiled Java code, j=interpreted, Vv=VM code, C=native code)
V  [jvm.dll+0x760226]
V  [jvm.dll+0x761094]
V  [jvm.dll+0x30395e]
V  [jvm.dll+0x3034cc]
V  [jvm.dll+0x802c20]
V  [jvm.dll+0x78dc24]
V  [jvm.dll+0x6400f6]
C  [ucrtbase.dll+0x21bb2]
C  [KERNEL32.DLL+0x17614]
C  [ntdll.dll+0x526a1]


siginfo: EXCEPTION_ACCESS_VIOLATION (0xc0000005), reading address 0x0000000000250009


Register to memory mapping:

RIP=0x00007ffba4e70226 jvm.dll
RAX=0x0000000000000002 is an unknown value
RBX=0x00000224eaf2b258 is pointing into metadata
RCX=0x0000000000250007 is an unknown value
RDX=0x0000000000000020 is an unknown value
RSP=0x0000008defeff970 points into unknown readable memory: 0x00007ffba4ffc0f0 | f0 c0 ff a4 fb 7f 00 00
RBP=0x0000008defeff9d0 points into unknown readable memory: 0x0000000b0000d4dc | dc d4 00 00 0b 00 00 00
RSI=0x00000224ea73c780 points into unknown readable memory: 0x00000224eaf2b258 | 58 b2 f2 ea 24 02 00 00
RDI=0x0000008defeffa20 points into unknown readable memory: 0x0000022400000000 | 00 00 00 00 24 02 00 00
R8 =0x0000008defeff9d0 points into unknown readable memory: 0x0000000b0000d4dc | dc d4 00 00 0b 00 00 00
R9 =0x0000000000000001 is an unknown value
R10=0x0000000000008000 is an unknown value
R11=0x0000008defeff8d0 points into unknown readable memory: 0x00000000000108e8 | e8 08 01 00 00 00 00 00
R12=0x0000000000000017 is an unknown value
R13=0x0000008deeffe110 points into unknown readable memory: 0x00007ffba4feb260 | 60 b2 fe a4 fb 7f 00 00
R14=0x000000000001ce48 is an unknown value
R15=0x000000000001ce48 is an unknown value


Registers:
RAX=0x0000000000000002, RBX=0x00000224eaf2b258, RCX=0x0000000000250007, RDX=0x0000000000000020
RSP=0x0000008defeff970, RBP=0x0000008defeff9d0, RSI=0x00000224ea73c780, RDI=0x0000008defeffa20
R8 =0x0000008defeff9d0, R9 =0x0000000000000001, R10=0x0000000000008000, R11=0x0000008defeff8d0
R12=0x0000000000000017, R13=0x0000008deeffe110, R14=0x000000000001ce48, R15=0x000000000001ce48
RIP=0x00007ffba4e70226, EFLAGS=0x0000000000010202

Top of Stack: (sp=0x0000008defeff970)
0x0000008defeff970:   00007ffba4ffc0f0 00007ffb00000000
0x0000008defeff980:   0000008deeffe270 0000000000000000
0x0000008defeff990:   0000008deeffe1b0 0000008defeffaf0
0x0000008defeff9a0:   0000000000000000 00007ffba4e71094
0x0000008defeff9b0:   0000000000004e2b 0000008defeffa58
0x0000008defeff9c0:   0000008defeffa20 0000000000000001
0x0000008defeff9d0:   0000000b0000d4dc 00000224ee2e20d0
0x0000008defeff9e0:   00000224ee2e4428 0000000000000001
0x0000008defeff9f0:   0000000000000001 00007ffba4a1395e
0x0000008defeffa00:   0000008deeffe130 0000000000000000
0x0000008defeffa10:   0000008deeffe110 00000224e98fd000
0x0000008defeffa20:   0000022400000000 0000000000000000
0x0000008defeffa30:   00000224d285c090 00007ffba4a134cc
0x0000008defeffa40:   000002240000396c 00000224ca933390
0x0000008defeffa50:   0000000000000000 0000022400000000
0x0000008defeffa60:   00007ffb00000000 00007ffc0a22306e 

Instructions: (pc=0x00007ffba4e70226)
0x00007ffba4e70126:   48 8b 84 24 a0 00 00 00 48 63 0c 18 48 8b 42 08
0x00007ffba4e70136:   c6 44 08 04 01 48 89 7c ca 40 48 8b bc 24 a0 00
0x00007ffba4e70146:   00 00 48 8b 8c 24 a8 00 00 00 48 ff c6 48 83 c3
0x00007ffba4e70156:   04 49 3b f7 0f 8c 90 fe ff ff b0 01 48 8b 5c 24
0x00007ffba4e70166:   70 48 83 c4 30 41 5f 41 5e 41 5d 41 5c 5f 5e 5d
0x00007ffba4e70176:   c3 4c 8b 0d d2 e4 3b 00 48 8d 05 43 02 1e 00 48
0x00007ffba4e70186:   8b 8c 24 b0 00 00 00 48 8d 15 54 02 1e 00 41 b8
0x00007ffba4e70196:   ff 01 00 00 48 89 44 24 20 e8 1c 78 b8 ff 32 c0
0x00007ffba4e701a6:   eb ba cc cc cc cc cc cc cc cc 3b ca 0f 8d d2 00
0x00007ffba4e701b6:   00 00 55 48 83 ec 30 48 89 5c 24 40 2b d1 48 89
0x00007ffba4e701c6:   74 24 48 49 8b e8 48 89 7c 24 50 4c 89 64 24 58
0x00007ffba4e701d6:   4c 89 74 24 28 48 63 c1 4c 89 7c 24 20 44 8b e2
0x00007ffba4e701e6:   4c 8d 34 c5 00 00 00 00 4d 8b fe 48 8b 05 98 3c
0x00007ffba4e701f6:   3a 00 48 8b 58 08 49 8d 34 1f 49 8b 1c 1e 48 85
0x00007ffba4e70206:   db 74 50 0f 1f 80 00 00 00 00 f6 43 08 01 74 09
0x00007ffba4e70216:   83 3d e3 71 38 00 00 74 3a 48 8b 4b 10 ff 45 00
0x00007ffba4e70226:   0f b7 41 02 66 85 c0 75 1d e8 8c 18 96 ff 48 8b
0x00007ffba4e70236:   43 08 48 8b d3 48 83 e0 fe 48 8b cd 48 89 06 e8
0x00007ffba4e70246:   86 0b c0 ff eb 04 48 8d 73 08 48 8b 1e 48 83 e3
0x00007ffba4e70256:   fe 75 b7 49 83 c7 08 49 83 c6 08 49 83 ec 01 75
0x00007ffba4e70266:   8a 4c 8b 7c 24 20 4c 8b 74 24 28 4c 8b 64 24 58
0x00007ffba4e70276:   48 8b 7c 24 50 48 8b 74 24 48 48 8b 5c 24 40 48
0x00007ffba4e70286:   83 c4 30 5d c3 cc cc cc cc cc 40 55 48 83 ec 30
0x00007ffba4e70296:   48 8b e9 84 d2 75 1e 48 8b d1 4c 8d 05 49 02 1e
0x00007ffba4e702a6:   00 48 8b 0d e2 3b 3a 00 45 33 c9 48 83 c4 30 5d
0x00007ffba4e702b6:   e9 15 13 c0 ff 48 8d 15 3e a6 1b 00 4c 89 74 24
0x00007ffba4e702c6:   28 e8 a4 32 ee ff 48 8b 05 bd 3b 3a 00 45 33 f6
0x00007ffba4e702d6:   44 39 30 0f 8e 97 00 00 00 48 89 5c 24 40 48 89
0x00007ffba4e702e6:   74 24 48 48 89 7c 24 50 4c 89 7c 24 20 45 8b fe
0x00007ffba4e702f6:   66 66 0f 1f 84 00 00 00 00 00 48 8b 40 08 49 8b
0x00007ffba4e70306:   1c 07 48 85 db 74 42 0f 1f 00 48 8b 7b 10 48 8d
0x00007ffba4e70316:   15 e5 01 1e 00 48 8b cd 0f b7 37 44 0f bf 4f 02 


Stack slot to memory mapping:
stack at sp + 0 slots: 0x00007ffba4ffc0f0 jvm.dll
stack at sp + 1 slots: 0x00007ffb00000000 is an unknown value
stack at sp + 2 slots: 0x0000008deeffe270 points into unknown readable memory: 0x00007ffba4fe9d70 | 70 9d fe a4 fb 7f 00 00
stack at sp + 3 slots: 0x0 is NULL
stack at sp + 4 slots: 0x0000008deeffe1b0 points into unknown readable memory: 0x0000008deeffe270 | 70 e2 ff ee 8d 00 00 00
stack at sp + 5 slots: 0x0000008defeffaf0 points into unknown readable memory: 0x00008f0f23127304 | 04 73 12 23 0f 8f 00 00
stack at sp + 6 slots: 0x0 is NULL
stack at sp + 7 slots: 0x00007ffba4e71094 jvm.dll


---------------  P R O C E S S  ---------------

Threads class SMR info:
_java_thread_list=0x00000224f1973600, length=89, elements={
0x00000224caa34000, 0x00000224e65b3000, 0x00000224e65b6800, 0x00000224e6f42800,
0x00000224e6f43800, 0x00000224e65d4000, 0x00000224e65dd000, 0x00000224e6f64000,
0x00000224e65e4000, 0x00000224e70ae800, 0x00000224e918c800, 0x00000224e72c4800,
0x00000224e9c99800, 0x00000224e8488800, 0x00000224e8d95800, 0x00000224e8642000,
0x00000224e84f9000, 0x00000224e94d9000, 0x00000224e8e5f800, 0x00000224e91be800,
0x00000224e91c1000, 0x00000224e91c3800, 0x00000224e91be000, 0x00000224e91bf800,
0x00000224e91c2800, 0x00000224e91c0000, 0x00000224e91c2000, 0x00000224e91c4800,
0x00000224e8f8a000, 0x00000224e8f8a800, 0x00000224e8f87800, 0x00000224e8f8d000,
0x00000224e8f8b800, 0x00000224e8f8e000, 0x00000224e8f88000, 0x00000224e8f89000,
0x00000224ea4f4800, 0x00000224ea4f6000, 0x00000224ea4f5800, 0x00000224ea4f7000,
0x00000224ea4f7800, 0x00000224ea4f2000, 0x00000224ea4f8800, 0x00000224ea4f3000,
0x00000224ea4f9800, 0x00000224ea4f3800, 0x00000224ea4fe800, 0x00000224ea4ff000,
0x00000224ea4fc800, 0x00000224ea4fd800, 0x00000224ea500000, 0x00000224ea4fc000,
0x00000224ea4fa000, 0x00000224ea500800, 0x00000224ea4fb000, 0x00000224e83be000,
0x00000224e83c2000, 0x00000224e83bf800, 0x00000224e83bf000, 0x00000224e83c1800,
0x00000224e83c0800, 0x00000224e83bc800, 0x00000224e83c3000, 0x00000224e83bd000,
0x00000224e83c7000, 0x00000224e83c9800, 0x00000224e83c3800, 0x00000224e83c5800,
0x00000224e83c4800, 0x00000224e83c6000, 0x00000224e83c8000, 0x00000224e83ca800,
0x00000224e83c8800, 0x00000224e83cb000, 0x00000224ecef0800, 0x00000224eceec000,
0x00000224ecef3000, 0x00000224ecef2000, 0x00000224eceed000, 0x00000224eceee800,
0x00000224ecef1000, 0x00000224eceee000, 0x00000224ecef3800, 0x00000224ecef4800,
0x00000224ecef5000, 0x00000224eceef800, 0x00000224ecefb000, 0x00000224ecef8800,
0x00000224e906f800
}

Java Threads: ( => current thread )
  0x00000224caa34000 JavaThread "main" [_thread_blocked, id=7388, stack(0x0000008dee900000,0x0000008deea00000)]
  0x00000224e65b3000 JavaThread "Reference Handler" daemon [_thread_blocked, id=10256, stack(0x0000008def000000,0x0000008def100000)]
  0x00000224e65b6800 JavaThread "Finalizer" daemon [_thread_blocked, id=10652, stack(0x0000008def100000,0x0000008def200000)]
  0x00000224e6f42800 JavaThread "Signal Dispatcher" daemon [_thread_blocked, id=10736, stack(0x0000008def200000,0x0000008def300000)]
  0x00000224e6f43800 JavaThread "Attach Listener" daemon [_thread_blocked, id=18932, stack(0x0000008def300000,0x0000008def400000)]
  0x00000224e65d4000 JavaThread "Service Thread" daemon [_thread_blocked, id=13908, stack(0x0000008def400000,0x0000008def500000)]
  0x00000224e65dd000 JavaThread "C2 CompilerThread0" daemon [_thread_in_native, id=7372, stack(0x0000008def500000,0x0000008def600000)]
  0x00000224e6f64000 JavaThread "C1 CompilerThread0" daemon [_thread_blocked, id=18212, stack(0x0000008def600000,0x0000008def700000)]
  0x00000224e65e4000 JavaThread "Sweeper thread" daemon [_thread_blocked, id=16348, stack(0x0000008def700000,0x0000008def800000)]
  0x00000224e70ae800 JavaThread "Common-Cleaner" daemon [_thread_blocked, id=18144, stack(0x0000008def800000,0x0000008def900000)]
  0x00000224e918c800 JavaThread "Daemon health stats" [_thread_blocked, id=4084, stack(0x0000008defd00000,0x0000008defe00000)]
  0x00000224e72c4800 JavaThread "Incoming local TCP Connector on port 58861" [_thread_in_native, id=17748, stack(0x0000008defa00000,0x0000008defb00000)]
  0x00000224e9c99800 JavaThread "Daemon periodic checks" [_thread_blocked, id=18004, stack(0x0000008deff00000,0x0000008df0000000)]
  0x00000224e8488800 JavaThread "Daemon" [_thread_blocked, id=17288, stack(0x0000008df0000000,0x0000008df0100000)]
  0x00000224e8d95800 JavaThread "Handler for socket connection from /127.0.0.1:58861 to /127.0.0.1:58862" [_thread_in_native, id=13572, stack(0x0000008df0100000,0x0000008df0200000)]
  0x00000224e8642000 JavaThread "Cancel handler" [_thread_blocked, id=6320, stack(0x0000008df0200000,0x0000008df0300000)]
  0x00000224e84f9000 JavaThread "Daemon worker" [_thread_blocked, id=192, stack(0x0000008df0300000,0x0000008df0400000)]
  0x00000224e94d9000 JavaThread "Asynchronous log dispatcher for DefaultDaemonConnection: socket connection from /127.0.0.1:58861 to /127.0.0.1:58862" [_thread_blocked, id=17740, stack(0x0000008df0400000,0x0000008df0500000)]
  0x00000224e8e5f800 JavaThread "Stdin handler" [_thread_blocked, id=5712, stack(0x0000008df0500000,0x0000008df0600000)]
  0x00000224e91be800 JavaThread "Daemon client event forwarder" [_thread_blocked, id=19076, stack(0x0000008df0600000,0x0000008df0700000)]
  0x00000224e91c1000 JavaThread "Cache worker for journal cache (C:\Users\ShadowHunter\.gradle\caches\journal-1)" [_thread_blocked, id=6004, stack(0x0000008df0700000,0x0000008df0800000)]
  0x00000224e91c3800 JavaThread "File lock request listener" [_thread_in_native, id=12076, stack(0x0000008df0800000,0x0000008df0900000)]
  0x00000224e91be000 JavaThread "Cache worker for file hash cache (C:\Users\ShadowHunter\.gradle\caches\7.5\fileHashes)" [_thread_blocked, id=13668, stack(0x0000008df0900000,0x0000008df0a00000)]
  0x00000224e91bf800 JavaThread "File watcher server" daemon [_thread_blocked, id=5132, stack(0x0000008df0b00000,0x0000008df0c00000)]
  0x00000224e91c2800 JavaThread "File watcher consumer" daemon [_thread_blocked, id=8552, stack(0x0000008df0c00000,0x0000008df0d00000)]
  0x00000224e91c0000 JavaThread "Cache worker for checksums cache (D:\Projects\MAD-Assignment\.gradle\7.5\checksums)" [_thread_blocked, id=12692, stack(0x0000008df0d00000,0x0000008df0e00000)]
  0x00000224e91c2000 JavaThread "Cache worker for cache directory md-rule (C:\Users\ShadowHunter\.gradle\caches\7.5\md-rule)" [_thread_blocked, id=17712, stack(0x0000008df0e00000,0x0000008df0f00000)]
  0x00000224e91c4800 JavaThread "Cache worker for file content cache (C:\Users\ShadowHunter\.gradle\caches\7.5\fileContent)" [_thread_blocked, id=4840, stack(0x0000008df0f00000,0x0000008df1000000)]
  0x00000224e8f8a000 JavaThread "Cache worker for file hash cache (D:\Projects\MAD-Assignment\.gradle\7.5\fileHashes)" [_thread_blocked, id=12300, stack(0x0000008df1000000,0x0000008df1100000)]
  0x00000224e8f8a800 JavaThread "Cache worker for cache directory md-supplier (C:\Users\ShadowHunter\.gradle\caches\7.5\md-supplier)" [_thread_blocked, id=1004, stack(0x0000008df1100000,0x0000008df1200000)]
  0x00000224e8f87800 JavaThread "Cache worker for execution history cache (C:\Users\ShadowHunter\.gradle\caches\7.5\executionHistory)" [_thread_blocked, id=3428, stack(0x0000008df1200000,0x0000008df1300000)]
  0x00000224e8f8d000 JavaThread "jar transforms" [_thread_blocked, id=18828, stack(0x0000008df1300000,0x0000008df1400000)]
  0x00000224e8f8b800 JavaThread "jar transforms Thread 2" [_thread_blocked, id=9404, stack(0x0000008df1400000,0x0000008df1500000)]
  0x00000224e8f8e000 JavaThread "jar transforms Thread 3" [_thread_blocked, id=16692, stack(0x0000008df1500000,0x0000008df1600000)]
  0x00000224e8f88000 JavaThread "jar transforms Thread 4" [_thread_blocked, id=16400, stack(0x0000008df1600000,0x0000008df1700000)]
  0x00000224e8f89000 JavaThread "Cache worker for dependencies-accessors (D:\Projects\MAD-Assignment\.gradle\7.5\dependencies-accessors)" [_thread_blocked, id=14976, stack(0x0000008df1700000,0x0000008df1800000)]
  0x00000224ea4f4800 JavaThread "Cache worker for Build Output Cleanup Cache (D:\Projects\MAD-Assignment\.gradle\buildOutputCleanup)" [_thread_blocked, id=2092, stack(0x0000008df1800000,0x0000008df1900000)]
  0x00000224ea4f6000 JavaThread "Unconstrained build operations" [_thread_blocked, id=2032, stack(0x0000008df1900000,0x0000008df1a00000)]
  0x00000224ea4f5800 JavaThread "Unconstrained build operations Thread 2" [_thread_blocked, id=17788, stack(0x0000008df1a00000,0x0000008df1b00000)]
  0x00000224ea4f7000 JavaThread "Unconstrained build operations Thread 3" [_thread_blocked, id=13408, stack(0x0000008df1b00000,0x0000008df1c00000)]
  0x00000224ea4f7800 JavaThread "Unconstrained build operations Thread 4" [_thread_blocked, id=19128, stack(0x0000008df1c00000,0x0000008df1d00000)]
  0x00000224ea4f2000 JavaThread "Unconstrained build operations Thread 5" [_thread_blocked, id=10296, stack(0x0000008df1d00000,0x0000008df1e00000)]
  0x00000224ea4f8800 JavaThread "Unconstrained build operations Thread 6" [_thread_blocked, id=16172, stack(0x0000008df1e00000,0x0000008df1f00000)]
  0x00000224ea4f3000 JavaThread "Unconstrained build operations Thread 7" [_thread_blocked, id=6660, stack(0x0000008df1f00000,0x0000008df2000000)]
  0x00000224ea4f9800 JavaThread "Unconstrained build operations Thread 8" [_thread_blocked, id=17852, stack(0x0000008df2000000,0x0000008df2100000)]
  0x00000224ea4f3800 JavaThread "Unconstrained build operations Thread 9" [_thread_blocked, id=12616, stack(0x0000008df2100000,0x0000008df2200000)]
  0x00000224ea4fe800 JavaThread "Unconstrained build operations Thread 10" [_thread_blocked, id=4652, stack(0x0000008df2200000,0x0000008df2300000)]
  0x00000224ea4ff000 JavaThread "Unconstrained build operations Thread 11" [_thread_blocked, id=816, stack(0x0000008df2300000,0x0000008df2400000)]
  0x00000224ea4fc800 JavaThread "Unconstrained build operations Thread 12" [_thread_blocked, id=19008, stack(0x0000008df2400000,0x0000008df2500000)]
  0x00000224ea4fd800 JavaThread "Unconstrained build operations Thread 13" [_thread_blocked, id=8508, stack(0x0000008df2500000,0x0000008df2600000)]
  0x00000224ea500000 JavaThread "Unconstrained build operations Thread 14" [_thread_blocked, id=4384, stack(0x0000008df2600000,0x0000008df2700000)]
  0x00000224ea4fc000 JavaThread "Unconstrained build operations Thread 15" [_thread_blocked, id=17064, stack(0x0000008df2700000,0x0000008df2800000)]
  0x00000224ea4fa000 JavaThread "Unconstrained build operations Thread 16" [_thread_blocked, id=8908, stack(0x0000008df2800000,0x0000008df2900000)]
  0x00000224ea500800 JavaThread "Unconstrained build operations Thread 17" [_thread_blocked, id=10576, stack(0x0000008df2900000,0x0000008df2a00000)]
  0x00000224ea4fb000 JavaThread "Unconstrained build operations Thread 18" [_thread_blocked, id=3796, stack(0x0000008df2a00000,0x0000008df2b00000)]
  0x00000224e83be000 JavaThread "Unconstrained build operations Thread 19" [_thread_blocked, id=12704, stack(0x0000008df2b00000,0x0000008df2c00000)]
  0x00000224e83c2000 JavaThread "Unconstrained build operations Thread 20" [_thread_blocked, id=1248, stack(0x0000008df2c00000,0x0000008df2d00000)]
  0x00000224e83bf800 JavaThread "Unconstrained build operations Thread 21" [_thread_blocked, id=1464, stack(0x0000008df2d00000,0x0000008df2e00000)]
  0x00000224e83bf000 JavaThread "Unconstrained build operations Thread 22" [_thread_blocked, id=4664, stack(0x0000008df2e00000,0x0000008df2f00000)]
  0x00000224e83c1800 JavaThread "Unconstrained build operations Thread 23" [_thread_blocked, id=17820, stack(0x0000008df2f00000,0x0000008df3000000)]
  0x00000224e83c0800 JavaThread "Unconstrained build operations Thread 24" [_thread_blocked, id=11156, stack(0x0000008df3000000,0x0000008df3100000)]
  0x00000224e83bc800 JavaThread "Unconstrained build operations Thread 25" [_thread_blocked, id=9496, stack(0x0000008df3100000,0x0000008df3200000)]
  0x00000224e83c3000 JavaThread "Unconstrained build operations Thread 26" [_thread_blocked, id=12320, stack(0x0000008df3200000,0x0000008df3300000)]
  0x00000224e83bd000 JavaThread "Unconstrained build operations Thread 27" [_thread_blocked, id=15564, stack(0x0000008df3300000,0x0000008df3400000)]
  0x00000224e83c7000 JavaThread "Unconstrained build operations Thread 28" [_thread_blocked, id=14900, stack(0x0000008df3400000,0x0000008df3500000)]
  0x00000224e83c9800 JavaThread "Unconstrained build operations Thread 29" [_thread_blocked, id=18872, stack(0x0000008df3500000,0x0000008df3600000)]
  0x00000224e83c3800 JavaThread "Unconstrained build operations Thread 30" [_thread_blocked, id=18248, stack(0x0000008df3600000,0x0000008df3700000)]
  0x00000224e83c5800 JavaThread "Unconstrained build operations Thread 31" [_thread_blocked, id=12672, stack(0x0000008df3700000,0x0000008df3800000)]
  0x00000224e83c4800 JavaThread "Unconstrained build operations Thread 32" [_thread_blocked, id=9088, stack(0x0000008df3800000,0x0000008df3900000)]
  0x00000224e83c6000 JavaThread "Unconstrained build operations Thread 33" [_thread_blocked, id=19180, stack(0x0000008df3900000,0x0000008df3a00000)]
  0x00000224e83c8000 JavaThread "Unconstrained build operations Thread 34" [_thread_blocked, id=5800, stack(0x0000008df3a00000,0x0000008df3b00000)]
  0x00000224e83ca800 JavaThread "Unconstrained build operations Thread 35" [_thread_blocked, id=9756, stack(0x0000008df3b00000,0x0000008df3c00000)]
  0x00000224e83c8800 JavaThread "Unconstrained build operations Thread 36" [_thread_blocked, id=19024, stack(0x0000008df3c00000,0x0000008df3d00000)]
  0x00000224e83cb000 JavaThread "Unconstrained build operations Thread 37" [_thread_blocked, id=5048, stack(0x0000008df3d00000,0x0000008df3e00000)]
  0x00000224ecef0800 JavaThread "Unconstrained build operations Thread 38" [_thread_blocked, id=9436, stack(0x0000008df3e00000,0x0000008df3f00000)]
  0x00000224eceec000 JavaThread "Unconstrained build operations Thread 39" [_thread_blocked, id=18496, stack(0x0000008df3f00000,0x0000008df4000000)]
  0x00000224ecef3000 JavaThread "Unconstrained build operations Thread 40" [_thread_blocked, id=6008, stack(0x0000008df4000000,0x0000008df4100000)]
  0x00000224ecef2000 JavaThread "build event listener" [_thread_blocked, id=8068, stack(0x0000008df0a00000,0x0000008df0b00000)]
  0x00000224eceed000 JavaThread "Memory manager" [_thread_blocked, id=4960, stack(0x0000008df4200000,0x0000008df4300000)]
  0x00000224eceee800 JavaThread "included builds" [_thread_blocked, id=11984, stack(0x0000008df4300000,0x0000008df4400000)]
  0x00000224ecef1000 JavaThread "Execution worker" [_thread_blocked, id=14220, stack(0x0000008df4400000,0x0000008df4500000)]
  0x00000224eceee000 JavaThread "Execution worker Thread 2" [_thread_blocked, id=4628, stack(0x0000008df4500000,0x0000008df4600000)]
  0x00000224ecef3800 JavaThread "Execution worker Thread 3" [_thread_blocked, id=10656, stack(0x0000008df4600000,0x0000008df4700000)]
  0x00000224ecef4800 JavaThread "Cache worker for execution history cache (D:\Projects\MAD-Assignment\.gradle\7.5\executionHistory)" [_thread_blocked, id=17924, stack(0x0000008df4700000,0x0000008df4800000)]
  0x00000224ecef5000 JavaThread "WorkerExecutor Queue" [_thread_blocked, id=12732, stack(0x0000008df4800000,0x0000008df4900000)]
  0x00000224eceef800 JavaThread "WorkerExecutor Queue Thread 2" [_thread_blocked, id=15748, stack(0x0000008df4900000,0x0000008df4a00000)]
  0x00000224ecefb000 JavaThread "WorkerExecutor Queue Thread 3" [_thread_blocked, id=9524, stack(0x0000008df4a00000,0x0000008df4b00000)]
  0x00000224ecef8800 JavaThread "WorkerExecutor Queue Thread 4" [_thread_blocked, id=19240, stack(0x0000008df4b00000,0x0000008df4c00000)]
  0x00000224e906f800 JavaThread "C2 CompilerThread1" daemon [_thread_blocked, id=7156, stack(0x0000008df4100000,0x0000008df4200000)]

Other Threads:
  0x00000224e65b0800 VMThread "VM Thread" [stack: 0x0000008deef00000,0x0000008def000000] [id=1220]
  0x00000224e70b5800 WatcherThread [stack: 0x0000008def900000,0x0000008defa00000] [id=16056]
  0x00000224caa4c800 GCTaskThread "GC Thread#0" [stack: 0x0000008deea00000,0x0000008deeb00000] [id=9592]
  0x00000224e7683000 GCTaskThread "GC Thread#1" [stack: 0x0000008defb00000,0x0000008defc00000] [id=3256]
  0x00000224e755f800 GCTaskThread "GC Thread#2" [stack: 0x0000008defc00000,0x0000008defd00000] [id=2840]
=>0x00000224e98fd000 GCTaskThread "GC Thread#3" [stack: 0x0000008defe00000,0x0000008deff00000] [id=236]
  0x00000224caa7e000 ConcurrentGCThread "G1 Main Marker" [stack: 0x0000008deeb00000,0x0000008deec00000] [id=5756]
  0x00000224caa7f000 ConcurrentGCThread "G1 Conc#0" [stack: 0x0000008deec00000,0x0000008deed00000] [id=17344]
  0x00000224e6410800 ConcurrentGCThread "G1 Refine#0" [stack: 0x0000008deed00000,0x0000008deee00000] [id=12328]
  0x00000224e6411000 ConcurrentGCThread "G1 Young RemSet Sampling" [stack: 0x0000008deee00000,0x0000008deef00000] [id=17436]

Threads with active compile tasks:
C2 CompilerThread0    40188 17204       4       com.android.tools.r8.internal.h9::a (1263 bytes)
C2 CompilerThread1    40188 17157       4       com.android.tools.r8.internal.jO::a (447 bytes)

VM state:at safepoint (normal execution)

VM Mutex/Monitor currently owned by a thread:  ([mutex/lock_event])
[0x00000224caa30450] Threads_lock - owner thread: 0x00000224e65b0800
[0x00000224caa2fc70] Heap_lock - owner thread: 0x00000224caa7e000

Heap address: 0x0000000080000000, size: 2048 MB, Compressed Oops mode: 32-bit
Narrow klass base: 0x0000000000000000, Narrow klass shift: 3
Compressed class space size: 1073741824 Address: 0x0000000100000000

Heap:
 garbage-first heap   total 229376K, used 127033K [0x0000000080000000, 0x0000000100000000)
  region size 1024K, 22 young (22528K), 4 survivors (4096K)
 Metaspace       used 119775K, capacity 123511K, committed 123876K, reserved 1157120K
  class space    used 15510K, capacity 17031K, committed 17100K, reserved 1048576K
Heap Regions: E=young(eden), S=young(survivor), O=old, HS=humongous(starts), HC=humongous(continues), CS=collection set, F=free, A=archive, TAMS=top-at-mark-start (previous, next)
|   0|0x0000000080000000, 0x0000000080100000, 0x0000000080100000|100%|HS|  |TAMS 0x0000000080100000, 0x0000000080100000| Complete 
|   1|0x0000000080100000, 0x0000000080200000, 0x0000000080200000|100%|HC|  |TAMS 0x0000000080200000, 0x0000000080200000| Complete 
|   2|0x0000000080200000, 0x0000000080300000, 0x0000000080300000|100%|HC|  |TAMS 0x0000000080300000, 0x0000000080300000| Complete 
|   3|0x0000000080300000, 0x0000000080400000, 0x0000000080400000|100%| O|  |TAMS 0x0000000080400000, 0x0000000080400000| Untracked 
|   4|0x0000000080400000, 0x0000000080500000, 0x0000000080500000|100%| O|  |TAMS 0x0000000080500000, 0x0000000080500000| Untracked 
|   5|0x0000000080500000, 0x0000000080600000, 0x0000000080600000|100%| O|  |TAMS 0x0000000080600000, 0x0000000080600000| Untracked 
|   6|0x0000000080600000, 0x0000000080700000, 0x0000000080700000|100%| O|  |TAMS 0x0000000080700000, 0x0000000080700000| Untracked 
|   7|0x0000000080700000, 0x0000000080800000, 0x0000000080800000|100%| O|  |TAMS 0x0000000080800000, 0x0000000080800000| Untracked 
|   8|0x0000000080800000, 0x0000000080900000, 0x0000000080900000|100%| O|  |TAMS 0x0000000080900000, 0x0000000080900000| Untracked 
|   9|0x0000000080900000, 0x0000000080a00000, 0x0000000080a00000|100%| O|  |TAMS 0x0000000080a00000, 0x0000000080a00000| Untracked 
|  10|0x0000000080a00000, 0x0000000080b00000, 0x0000000080b00000|100%| O|  |TAMS 0x0000000080b00000, 0x0000000080b00000| Untracked 
|  11|0x0000000080b00000, 0x0000000080c00000, 0x0000000080c00000|100%| O|  |TAMS 0x0000000080c00000, 0x0000000080c00000| Untracked 
|  12|0x0000000080c00000, 0x0000000080d00000, 0x0000000080d00000|100%| O|  |TAMS 0x0000000080d00000, 0x0000000080d00000| Untracked 
|  13|0x0000000080d00000, 0x0000000080e00000, 0x0000000080e00000|100%| O|  |TAMS 0x0000000080e00000, 0x0000000080e00000| Untracked 
|  14|0x0000000080e00000, 0x0000000080f00000, 0x0000000080f00000|100%| O|  |TAMS 0x0000000080f00000, 0x0000000080f00000| Untracked 
|  15|0x0000000080f00000, 0x0000000081000000, 0x0000000081000000|100%|HS|  |TAMS 0x0000000081000000, 0x0000000081000000| Complete 
|  16|0x0000000081000000, 0x0000000081100000, 0x0000000081100000|100%| O|  |TAMS 0x0000000081100000, 0x0000000081100000| Untracked 
|  17|0x0000000081100000, 0x0000000081200000, 0x0000000081200000|100%| O|  |TAMS 0x0000000081200000, 0x0000000081200000| Untracked 
|  18|0x0000000081200000, 0x0000000081300000, 0x0000000081300000|100%| O|  |TAMS 0x0000000081300000, 0x0000000081300000| Untracked 
|  19|0x0000000081300000, 0x0000000081400000, 0x0000000081400000|100%| O|  |TAMS 0x0000000081400000, 0x0000000081400000| Untracked 
|  20|0x0000000081400000, 0x0000000081500000, 0x0000000081500000|100%| O|  |TAMS 0x0000000081500000, 0x0000000081500000| Untracked 
|  21|0x0000000081500000, 0x0000000081600000, 0x0000000081600000|100%| O|  |TAMS 0x0000000081600000, 0x0000000081600000| Untracked 
|  22|0x0000000081600000, 0x0000000081700000, 0x0000000081700000|100%| O|  |TAMS 0x0000000081700000, 0x0000000081700000| Untracked 
|  23|0x0000000081700000, 0x0000000081800000, 0x0000000081800000|100%| O|  |TAMS 0x0000000081800000, 0x0000000081800000| Untracked 
|  24|0x0000000081800000, 0x0000000081900000, 0x0000000081900000|100%| O|  |TAMS 0x0000000081900000, 0x0000000081900000| Untracked 
|  25|0x0000000081900000, 0x0000000081a00000, 0x0000000081a00000|100%| O|  |TAMS 0x0000000081a00000, 0x0000000081a00000| Untracked 
|  26|0x0000000081a00000, 0x0000000081b00000, 0x0000000081b00000|100%| O|  |TAMS 0x0000000081b00000, 0x0000000081b00000| Untracked 
|  27|0x0000000081b00000, 0x0000000081c00000, 0x0000000081c00000|100%| O|  |TAMS 0x0000000081c00000, 0x0000000081c00000| Untracked 
|  28|0x0000000081c00000, 0x0000000081d00000, 0x0000000081d00000|100%| O|  |TAMS 0x0000000081d00000, 0x0000000081d00000| Untracked 
|  29|0x0000000081d00000, 0x0000000081e00000, 0x0000000081e00000|100%| O|  |TAMS 0x0000000081e00000, 0x0000000081e00000| Untracked 
|  30|0x0000000081e00000, 0x0000000081f00000, 0x0000000081f00000|100%|HS|  |TAMS 0x0000000081f00000, 0x0000000081f00000| Complete 
|  31|0x0000000081f00000, 0x0000000082000000, 0x0000000082000000|100%|HS|  |TAMS 0x0000000082000000, 0x0000000082000000| Complete 
|  32|0x0000000082000000, 0x0000000082100000, 0x0000000082100000|100%|HS|  |TAMS 0x0000000082100000, 0x0000000082100000| Complete 
|  33|0x0000000082100000, 0x0000000082200000, 0x0000000082200000|100%|HC|  |TAMS 0x0000000082200000, 0x0000000082200000| Complete 
|  34|0x0000000082200000, 0x0000000082300000, 0x0000000082300000|100%|HC|  |TAMS 0x0000000082300000, 0x0000000082300000| Complete 
|  35|0x0000000082300000, 0x0000000082400000, 0x0000000082400000|100%|HC|  |TAMS 0x0000000082400000, 0x0000000082400000| Complete 
|  36|0x0000000082400000, 0x0000000082500000, 0x0000000082500000|100%| O|  |TAMS 0x0000000082500000, 0x0000000082500000| Untracked 
|  37|0x0000000082500000, 0x0000000082600000, 0x0000000082600000|100%| O|  |TAMS 0x0000000082600000, 0x0000000082600000| Untracked 
|  38|0x0000000082600000, 0x0000000082700000, 0x0000000082700000|100%| O|  |TAMS 0x0000000082700000, 0x0000000082700000| Untracked 
|  39|0x0000000082700000, 0x0000000082800000, 0x0000000082800000|100%| O|  |TAMS 0x0000000082800000, 0x0000000082800000| Untracked 
|  40|0x0000000082800000, 0x0000000082900000, 0x0000000082900000|100%| O|  |TAMS 0x0000000082900000, 0x0000000082900000| Untracked 
|  41|0x0000000082900000, 0x0000000082a00000, 0x0000000082a00000|100%| O|  |TAMS 0x0000000082a00000, 0x0000000082a00000| Untracked 
|  42|0x0000000082a00000, 0x0000000082b00000, 0x0000000082b00000|100%| O|  |TAMS 0x0000000082b00000, 0x0000000082b00000| Untracked 
|  43|0x0000000082b00000, 0x0000000082c00000, 0x0000000082c00000|100%| O|  |TAMS 0x0000000082c00000, 0x0000000082c00000| Untracked 
|  44|0x0000000082c00000, 0x0000000082d00000, 0x0000000082d00000|100%| O|  |TAMS 0x0000000082d00000, 0x0000000082d00000| Untracked 
|  45|0x0000000082d00000, 0x0000000082e00000, 0x0000000082e00000|100%| O|  |TAMS 0x0000000082e00000, 0x0000000082e00000| Untracked 
|  46|0x0000000082e00000, 0x0000000082f00000, 0x0000000082f00000|100%| O|  |TAMS 0x0000000082f00000, 0x0000000082f00000| Untracked 
|  47|0x0000000082f00000, 0x0000000083000000, 0x0000000083000000|100%| O|  |TAMS 0x0000000083000000, 0x0000000083000000| Untracked 
|  48|0x0000000083000000, 0x0000000083100000, 0x0000000083100000|100%| O|  |TAMS 0x0000000083100000, 0x0000000083100000| Untracked 
|  49|0x0000000083100000, 0x0000000083200000, 0x0000000083200000|100%| O|  |TAMS 0x0000000083200000, 0x0000000083200000| Untracked 
|  50|0x0000000083200000, 0x0000000083300000, 0x0000000083300000|100%| O|  |TAMS 0x0000000083300000, 0x0000000083300000| Untracked 
|  51|0x0000000083300000, 0x0000000083400000, 0x0000000083400000|100%| O|  |TAMS 0x0000000083400000, 0x0000000083400000| Untracked 
|  52|0x0000000083400000, 0x0000000083500000, 0x0000000083500000|100%| O|  |TAMS 0x0000000083500000, 0x0000000083500000| Untracked 
|  53|0x0000000083500000, 0x0000000083600000, 0x0000000083600000|100%| O|  |TAMS 0x0000000083600000, 0x0000000083600000| Untracked 
|  54|0x0000000083600000, 0x0000000083700000, 0x0000000083700000|100%| O|  |TAMS 0x0000000083700000, 0x0000000083700000| Untracked 
|  55|0x0000000083700000, 0x0000000083800000, 0x0000000083800000|100%| O|  |TAMS 0x0000000083800000, 0x0000000083800000| Untracked 
|  56|0x0000000083800000, 0x0000000083900000, 0x0000000083900000|100%| O|  |TAMS 0x0000000083900000, 0x0000000083900000| Untracked 
|  57|0x0000000083900000, 0x0000000083a00000, 0x0000000083a00000|100%| O|  |TAMS 0x0000000083a00000, 0x0000000083a00000| Untracked 
|  58|0x0000000083a00000, 0x0000000083b00000, 0x0000000083b00000|100%| O|  |TAMS 0x0000000083b00000, 0x0000000083b00000| Untracked 
|  59|0x0000000083b00000, 0x0000000083c00000, 0x0000000083c00000|100%| O|  |TAMS 0x0000000083c00000, 0x0000000083c00000| Untracked 
|  60|0x0000000083c00000, 0x0000000083d00000, 0x0000000083d00000|100%| O|  |TAMS 0x0000000083d00000, 0x0000000083d00000| Untracked 
|  61|0x0000000083d00000, 0x0000000083e00000, 0x0000000083e00000|100%| O|  |TAMS 0x0000000083e00000, 0x0000000083e00000| Untracked 
|  62|0x0000000083e00000, 0x0000000083f00000, 0x0000000083f00000|100%| O|  |TAMS 0x0000000083f00000, 0x0000000083f00000| Untracked 
|  63|0x0000000083f00000, 0x0000000084000000, 0x0000000084000000|100%| O|  |TAMS 0x0000000084000000, 0x0000000084000000| Untracked 
|  64|0x0000000084000000, 0x0000000084100000, 0x0000000084100000|100%| O|  |TAMS 0x0000000084100000, 0x0000000084100000| Untracked 
|  65|0x0000000084100000, 0x0000000084200000, 0x0000000084200000|100%| O|  |TAMS 0x0000000084200000, 0x0000000084200000| Untracked 
|  66|0x0000000084200000, 0x0000000084300000, 0x0000000084300000|100%| O|  |TAMS 0x0000000084300000, 0x0000000084300000| Untracked 
|  67|0x0000000084300000, 0x0000000084400000, 0x0000000084400000|100%| O|  |TAMS 0x0000000084400000, 0x0000000084400000| Untracked 
|  68|0x0000000084400000, 0x0000000084500000, 0x0000000084500000|100%| O|  |TAMS 0x0000000084500000, 0x0000000084500000| Untracked 
|  69|0x0000000084500000, 0x0000000084600000, 0x0000000084600000|100%| O|  |TAMS 0x0000000084600000, 0x0000000084600000| Untracked 
|  70|0x0000000084600000, 0x0000000084700000, 0x0000000084700000|100%| O|  |TAMS 0x0000000084700000, 0x0000000084700000| Untracked 
|  71|0x0000000084700000, 0x0000000084800000, 0x0000000084800000|100%| O|  |TAMS 0x0000000084800000, 0x0000000084800000| Untracked 
|  72|0x0000000084800000, 0x0000000084900000, 0x0000000084900000|100%| O|  |TAMS 0x0000000084900000, 0x0000000084900000| Untracked 
|  73|0x0000000084900000, 0x0000000084a00000, 0x0000000084a00000|100%| O|  |TAMS 0x0000000084a00000, 0x0000000084a00000| Untracked 
|  74|0x0000000084a00000, 0x0000000084b00000, 0x0000000084b00000|100%| O|  |TAMS 0x0000000084b00000, 0x0000000084b00000| Untracked 
|  75|0x0000000084b00000, 0x0000000084c00000, 0x0000000084c00000|100%| O|  |TAMS 0x0000000084c00000, 0x0000000084c00000| Untracked 
|  76|0x0000000084c00000, 0x0000000084d00000, 0x0000000084d00000|100%| O|  |TAMS 0x0000000084d00000, 0x0000000084d00000| Untracked 
|  77|0x0000000084d00000, 0x0000000084e00000, 0x0000000084e00000|100%| O|  |TAMS 0x0000000084e00000, 0x0000000084e00000| Untracked 
|  78|0x0000000084e00000, 0x0000000084f00000, 0x0000000084f00000|100%| O|  |TAMS 0x0000000084f00000, 0x0000000084f00000| Untracked 
|  79|0x0000000084f00000, 0x0000000085000000, 0x0000000085000000|100%| O|  |TAMS 0x0000000085000000, 0x0000000085000000| Untracked 
|  80|0x0000000085000000, 0x0000000085100000, 0x0000000085100000|100%| O|  |TAMS 0x0000000085100000, 0x0000000085100000| Untracked 
|  81|0x0000000085100000, 0x0000000085200000, 0x0000000085200000|100%| O|  |TAMS 0x0000000085200000, 0x0000000085200000| Untracked 
|  82|0x0000000085200000, 0x0000000085300000, 0x0000000085300000|100%| O|  |TAMS 0x0000000085300000, 0x0000000085300000| Untracked 
|  83|0x0000000085300000, 0x0000000085400000, 0x0000000085400000|100%| O|  |TAMS 0x0000000085400000, 0x0000000085400000| Untracked 
|  84|0x0000000085400000, 0x0000000085500000, 0x0000000085500000|100%| O|  |TAMS 0x0000000085500000, 0x0000000085500000| Untracked 
|  85|0x0000000085500000, 0x0000000085600000, 0x0000000085600000|100%| O|  |TAMS 0x0000000085600000, 0x0000000085600000| Untracked 
|  86|0x0000000085600000, 0x0000000085700000, 0x0000000085700000|100%| O|  |TAMS 0x0000000085700000, 0x0000000085700000| Untracked 
|  87|0x0000000085700000, 0x0000000085800000, 0x0000000085800000|100%| O|  |TAMS 0x0000000085800000, 0x0000000085800000| Untracked 
|  88|0x0000000085800000, 0x0000000085900000, 0x0000000085900000|100%| O|  |TAMS 0x0000000085900000, 0x0000000085900000| Untracked 
|  89|0x0000000085900000, 0x0000000085a00000, 0x0000000085a00000|100%| O|  |TAMS 0x0000000085a00000, 0x0000000085a00000| Untracked 
|  90|0x0000000085a00000, 0x0000000085b00000, 0x0000000085b00000|100%| O|  |TAMS 0x0000000085b00000, 0x0000000085b00000| Untracked 
|  91|0x0000000085b00000, 0x0000000085c00000, 0x0000000085c00000|100%| O|  |TAMS 0x0000000085c00000, 0x0000000085c00000| Untracked 
|  92|0x0000000085c00000, 0x0000000085d00000, 0x0000000085d00000|100%| O|  |TAMS 0x0000000085d00000, 0x0000000085d00000| Untracked 
|  93|0x0000000085d00000, 0x0000000085e00000, 0x0000000085e00000|100%| O|  |TAMS 0x0000000085e00000, 0x0000000085e00000| Untracked 
|  94|0x0000000085e00000, 0x0000000085f00000, 0x0000000085f00000|100%| O|  |TAMS 0x0000000085f00000, 0x0000000085f00000| Untracked 
|  95|0x0000000085f00000, 0x0000000086000000, 0x0000000086000000|100%| O|  |TAMS 0x0000000086000000, 0x0000000086000000| Untracked 
|  96|0x0000000086000000, 0x0000000086100000, 0x0000000086100000|100%| O|  |TAMS 0x00000000860e7a00, 0x0000000086100000| Untracked 
|  97|0x0000000086100000, 0x0000000086200000, 0x0000000086200000|100%| O|  |TAMS 0x0000000086100000, 0x0000000086200000| Untracked 
|  98|0x0000000086200000, 0x0000000086300000, 0x0000000086300000|100%| O|  |TAMS 0x0000000086200000, 0x0000000086300000| Untracked 
|  99|0x0000000086300000, 0x00000000863c8e00, 0x0000000086400000| 78%| O|  |TAMS 0x0000000086300000, 0x00000000863c8e00| Untracked 
| 100|0x0000000086400000, 0x0000000086500000, 0x0000000086500000|100%| O|  |TAMS 0x0000000086500000, 0x0000000086500000| Untracked 
| 101|0x0000000086500000, 0x0000000086600000, 0x0000000086600000|100%| O|  |TAMS 0x0000000086600000, 0x0000000086600000| Untracked 
| 102|0x0000000086600000, 0x0000000086700000, 0x0000000086700000|100%| O|  |TAMS 0x0000000086700000, 0x0000000086700000| Untracked 
| 103|0x0000000086700000, 0x0000000086800000, 0x0000000086800000|100%| O|  |TAMS 0x0000000086800000, 0x0000000086800000| Untracked 
| 104|0x0000000086800000, 0x0000000086800000, 0x0000000086900000|  0%| F|  |TAMS 0x0000000086800000, 0x0000000086800000| Untracked 
| 105|0x0000000086900000, 0x0000000086900000, 0x0000000086a00000|  0%| F|  |TAMS 0x0000000086900000, 0x0000000086900000| Untracked 
| 106|0x0000000086a00000, 0x0000000086a00000, 0x0000000086b00000|  0%| F|  |TAMS 0x0000000086a00000, 0x0000000086a00000| Untracked 
| 107|0x0000000086b00000, 0x0000000086b00000, 0x0000000086c00000|  0%| F|  |TAMS 0x0000000086b00000, 0x0000000086b00000| Untracked 
| 108|0x0000000086c00000, 0x0000000086c00000, 0x0000000086d00000|  0%| F|  |TAMS 0x0000000086c00000, 0x0000000086c00000| Untracked 
| 109|0x0000000086d00000, 0x0000000086d00000, 0x0000000086e00000|  0%| F|  |TAMS 0x0000000086d00000, 0x0000000086d00000| Untracked 
| 110|0x0000000086e00000, 0x0000000086e00000, 0x0000000086f00000|  0%| F|  |TAMS 0x0000000086e00000, 0x0000000086e00000| Untracked 
| 111|0x0000000086f00000, 0x0000000086f00000, 0x0000000087000000|  0%| F|  |TAMS 0x0000000086f00000, 0x0000000086f00000| Untracked 
| 112|0x0000000087000000, 0x0000000087000000, 0x0000000087100000|  0%| F|  |TAMS 0x0000000087000000, 0x0000000087000000| Untracked 
| 113|0x0000000087100000, 0x0000000087100000, 0x0000000087200000|  0%| F|  |TAMS 0x0000000087100000, 0x0000000087100000| Untracked 
| 114|0x0000000087200000, 0x0000000087200000, 0x0000000087300000|  0%| F|  |TAMS 0x0000000087200000, 0x0000000087200000| Untracked 
| 115|0x0000000087300000, 0x0000000087300000, 0x0000000087400000|  0%| F|  |TAMS 0x0000000087300000, 0x0000000087300000| Untracked 
| 116|0x0000000087400000, 0x0000000087400000, 0x0000000087500000|  0%| F|  |TAMS 0x0000000087400000, 0x0000000087400000| Untracked 
| 117|0x0000000087500000, 0x0000000087500000, 0x0000000087600000|  0%| F|  |TAMS 0x0000000087500000, 0x0000000087500000| Untracked 
| 118|0x0000000087600000, 0x0000000087600000, 0x0000000087700000|  0%| F|  |TAMS 0x0000000087600000, 0x0000000087600000| Untracked 
| 119|0x0000000087700000, 0x0000000087700000, 0x0000000087800000|  0%| F|  |TAMS 0x0000000087700000, 0x0000000087700000| Untracked 
| 120|0x0000000087800000, 0x0000000087800000, 0x0000000087900000|  0%| F|  |TAMS 0x0000000087800000, 0x0000000087800000| Untracked 
| 121|0x0000000087900000, 0x0000000087900000, 0x0000000087a00000|  0%| F|  |TAMS 0x0000000087900000, 0x0000000087900000| Untracked 
| 122|0x0000000087a00000, 0x0000000087a00000, 0x0000000087b00000|  0%| F|  |TAMS 0x0000000087a00000, 0x0000000087a00000| Untracked 
| 123|0x0000000087b00000, 0x0000000087b00000, 0x0000000087c00000|  0%| F|  |TAMS 0x0000000087b00000, 0x0000000087b00000| Untracked 
| 124|0x0000000087c00000, 0x0000000087c00000, 0x0000000087d00000|  0%| F|  |TAMS 0x0000000087c00000, 0x0000000087c00000| Untracked 
| 125|0x0000000087d00000, 0x0000000087d00000, 0x0000000087e00000|  0%| F|  |TAMS 0x0000000087d00000, 0x0000000087d00000| Untracked 
| 126|0x0000000087e00000, 0x0000000087e00000, 0x0000000087f00000|  0%| F|  |TAMS 0x0000000087e00000, 0x0000000087e00000| Untracked 
| 127|0x0000000087f00000, 0x0000000087f00000, 0x0000000088000000|  0%| F|  |TAMS 0x0000000087f00000, 0x0000000087f00000| Untracked 
| 128|0x0000000088000000, 0x0000000088000000, 0x0000000088100000|  0%| F|  |TAMS 0x0000000088000000, 0x0000000088000000| Untracked 
| 129|0x0000000088100000, 0x0000000088100000, 0x0000000088200000|  0%| F|  |TAMS 0x0000000088100000, 0x0000000088100000| Untracked 
| 130|0x0000000088200000, 0x0000000088200000, 0x0000000088300000|  0%| F|  |TAMS 0x0000000088200000, 0x0000000088200000| Untracked 
| 131|0x0000000088300000, 0x0000000088300000, 0x0000000088400000|  0%| F|  |TAMS 0x0000000088300000, 0x0000000088300000| Untracked 
| 132|0x0000000088400000, 0x0000000088400000, 0x0000000088500000|  0%| F|  |TAMS 0x0000000088400000, 0x0000000088400000| Untracked 
| 133|0x0000000088500000, 0x0000000088500000, 0x0000000088600000|  0%| F|  |TAMS 0x0000000088500000, 0x0000000088500000| Untracked 
| 134|0x0000000088600000, 0x0000000088600000, 0x0000000088700000|  0%| F|  |TAMS 0x0000000088600000, 0x0000000088600000| Untracked 
| 135|0x0000000088700000, 0x0000000088700000, 0x0000000088800000|  0%| F|  |TAMS 0x0000000088700000, 0x0000000088700000| Untracked 
| 136|0x0000000088800000, 0x0000000088800000, 0x0000000088900000|  0%| F|  |TAMS 0x0000000088800000, 0x0000000088800000| Untracked 
| 137|0x0000000088900000, 0x0000000088900000, 0x0000000088a00000|  0%| F|  |TAMS 0x0000000088900000, 0x0000000088900000| Untracked 
| 138|0x0000000088a00000, 0x0000000088a00000, 0x0000000088b00000|  0%| F|  |TAMS 0x0000000088a00000, 0x0000000088a00000| Untracked 
| 139|0x0000000088b00000, 0x0000000088b00000, 0x0000000088c00000|  0%| F|  |TAMS 0x0000000088b00000, 0x0000000088b00000| Untracked 
| 140|0x0000000088c00000, 0x0000000088c00000, 0x0000000088d00000|  0%| F|  |TAMS 0x0000000088c00000, 0x0000000088c00000| Untracked 
| 141|0x0000000088d00000, 0x0000000088d00000, 0x0000000088e00000|  0%| F|  |TAMS 0x0000000088d00000, 0x0000000088d00000| Untracked 
| 142|0x0000000088e00000, 0x0000000088e00000, 0x0000000088f00000|  0%| F|  |TAMS 0x0000000088e00000, 0x0000000088e00000| Untracked 
| 143|0x0000000088f00000, 0x0000000088f00000, 0x0000000089000000|  0%| F|  |TAMS 0x0000000088f00000, 0x0000000088f00000| Untracked 
| 144|0x0000000089000000, 0x0000000089000000, 0x0000000089100000|  0%| F|  |TAMS 0x0000000089000000, 0x0000000089000000| Untracked 
| 145|0x0000000089100000, 0x0000000089100000, 0x0000000089200000|  0%| F|  |TAMS 0x0000000089100000, 0x0000000089100000| Untracked 
| 146|0x0000000089200000, 0x0000000089200000, 0x0000000089300000|  0%| F|  |TAMS 0x0000000089200000, 0x0000000089200000| Untracked 
| 147|0x0000000089300000, 0x0000000089300000, 0x0000000089400000|  0%| F|  |TAMS 0x0000000089300000, 0x0000000089300000| Untracked 
| 148|0x0000000089400000, 0x0000000089400000, 0x0000000089500000|  0%| F|  |TAMS 0x0000000089400000, 0x0000000089400000| Untracked 
| 149|0x0000000089500000, 0x0000000089500000, 0x0000000089600000|  0%| F|  |TAMS 0x0000000089500000, 0x0000000089500000| Untracked 
| 150|0x0000000089600000, 0x0000000089600000, 0x0000000089700000|  0%| F|  |TAMS 0x0000000089600000, 0x0000000089600000| Untracked 
| 151|0x0000000089700000, 0x0000000089700000, 0x0000000089800000|  0%| F|  |TAMS 0x0000000089700000, 0x0000000089700000| Untracked 
| 152|0x0000000089800000, 0x0000000089800000, 0x0000000089900000|  0%| F|  |TAMS 0x0000000089800000, 0x0000000089800000| Untracked 
| 153|0x0000000089900000, 0x0000000089900000, 0x0000000089a00000|  0%| F|  |TAMS 0x0000000089900000, 0x0000000089900000| Untracked 
| 154|0x0000000089a00000, 0x0000000089a00000, 0x0000000089b00000|  0%| F|  |TAMS 0x0000000089a00000, 0x0000000089a00000| Untracked 
| 155|0x0000000089b00000, 0x0000000089b00000, 0x0000000089c00000|  0%| F|  |TAMS 0x0000000089b00000, 0x0000000089b00000| Untracked 
| 156|0x0000000089c00000, 0x0000000089c00000, 0x0000000089d00000|  0%| F|  |TAMS 0x0000000089c00000, 0x0000000089c00000| Untracked 
| 157|0x0000000089d00000, 0x0000000089d00000, 0x0000000089e00000|  0%| F|  |TAMS 0x0000000089d00000, 0x0000000089d00000| Untracked 
| 158|0x0000000089e00000, 0x0000000089e00000, 0x0000000089f00000|  0%| F|  |TAMS 0x0000000089e00000, 0x0000000089e00000| Untracked 
| 159|0x0000000089f00000, 0x0000000089f00000, 0x000000008a000000|  0%| F|  |TAMS 0x0000000089f00000, 0x0000000089f00000| Untracked 
| 160|0x000000008a000000, 0x000000008a000000, 0x000000008a100000|  0%| F|  |TAMS 0x000000008a000000, 0x000000008a000000| Untracked 
| 161|0x000000008a100000, 0x000000008a1457c0, 0x000000008a200000| 27%| S|CS|TAMS 0x000000008a100000, 0x000000008a100000| Complete 
| 162|0x000000008a200000, 0x000000008a300000, 0x000000008a300000|100%| S|CS|TAMS 0x000000008a200000, 0x000000008a200000| Complete 
| 163|0x000000008a300000, 0x000000008a400000, 0x000000008a400000|100%| S|CS|TAMS 0x000000008a300000, 0x000000008a300000| Complete 
| 164|0x000000008a400000, 0x000000008a400000, 0x000000008a500000|  0%| F|  |TAMS 0x000000008a400000, 0x000000008a400000| Untracked 
| 165|0x000000008a500000, 0x000000008a500000, 0x000000008a600000|  0%| F|  |TAMS 0x000000008a500000, 0x000000008a500000| Untracked 
| 166|0x000000008a600000, 0x000000008a600000, 0x000000008a700000|  0%| F|  |TAMS 0x000000008a600000, 0x000000008a600000| Untracked 
| 167|0x000000008a700000, 0x000000008a800000, 0x000000008a800000|100%| S|CS|TAMS 0x000000008a700000, 0x000000008a700000| Complete 
| 168|0x000000008a800000, 0x000000008a800000, 0x000000008a900000|  0%| F|  |TAMS 0x000000008a800000, 0x000000008a800000| Untracked 
| 169|0x000000008a900000, 0x000000008a900000, 0x000000008aa00000|  0%| F|  |TAMS 0x000000008a900000, 0x000000008a900000| Untracked 
| 170|0x000000008aa00000, 0x000000008aa00000, 0x000000008ab00000|  0%| F|  |TAMS 0x000000008aa00000, 0x000000008aa00000| Untracked 
| 171|0x000000008ab00000, 0x000000008ab00000, 0x000000008ac00000|  0%| F|  |TAMS 0x000000008ab00000, 0x000000008ab00000| Untracked 
| 172|0x000000008ac00000, 0x000000008ac00000, 0x000000008ad00000|  0%| F|  |TAMS 0x000000008ac00000, 0x000000008ac00000| Untracked 
| 173|0x000000008ad00000, 0x000000008ad00000, 0x000000008ae00000|  0%| F|  |TAMS 0x000000008ad00000, 0x000000008ad00000| Untracked 
| 174|0x000000008ae00000, 0x000000008ae00000, 0x000000008af00000|  0%| F|  |TAMS 0x000000008ae00000, 0x000000008ae00000| Untracked 
| 175|0x000000008af00000, 0x000000008af00000, 0x000000008b000000|  0%| F|  |TAMS 0x000000008af00000, 0x000000008af00000| Untracked 
| 176|0x000000008b000000, 0x000000008b000000, 0x000000008b100000|  0%| F|  |TAMS 0x000000008b000000, 0x000000008b000000| Untracked 
| 177|0x000000008b100000, 0x000000008b100000, 0x000000008b200000|  0%| F|  |TAMS 0x000000008b100000, 0x000000008b100000| Untracked 
| 178|0x000000008b200000, 0x000000008b200000, 0x000000008b300000|  0%| F|  |TAMS 0x000000008b200000, 0x000000008b200000| Untracked 
| 179|0x000000008b300000, 0x000000008b300000, 0x000000008b400000|  0%| F|  |TAMS 0x000000008b300000, 0x000000008b300000| Untracked 
| 180|0x000000008b400000, 0x000000008b400000, 0x000000008b500000|  0%| F|  |TAMS 0x000000008b400000, 0x000000008b400000| Untracked 
| 181|0x000000008b500000, 0x000000008b500000, 0x000000008b600000|  0%| F|  |TAMS 0x000000008b500000, 0x000000008b500000| Untracked 
| 182|0x000000008b600000, 0x000000008b600000, 0x000000008b700000|  0%| F|  |TAMS 0x000000008b600000, 0x000000008b600000| Untracked 
| 183|0x000000008b700000, 0x000000008b700000, 0x000000008b800000|  0%| F|  |TAMS 0x000000008b700000, 0x000000008b700000| Untracked 
| 184|0x000000008b800000, 0x000000008b800000, 0x000000008b900000|  0%| F|  |TAMS 0x000000008b800000, 0x000000008b800000| Untracked 
| 185|0x000000008b900000, 0x000000008b900000, 0x000000008ba00000|  0%| F|  |TAMS 0x000000008b900000, 0x000000008b900000| Untracked 
| 186|0x000000008ba00000, 0x000000008ba00000, 0x000000008bb00000|  0%| F|  |TAMS 0x000000008ba00000, 0x000000008ba00000| Untracked 
| 187|0x000000008bb00000, 0x000000008bb00000, 0x000000008bc00000|  0%| F|  |TAMS 0x000000008bb00000, 0x000000008bb00000| Untracked 
| 188|0x000000008bc00000, 0x000000008bc00000, 0x000000008bd00000|  0%| F|  |TAMS 0x000000008bc00000, 0x000000008bc00000| Untracked 
| 189|0x000000008bd00000, 0x000000008bd00000, 0x000000008be00000|  0%| F|  |TAMS 0x000000008bd00000, 0x000000008bd00000| Untracked 
| 190|0x000000008be00000, 0x000000008be00000, 0x000000008bf00000|  0%| F|  |TAMS 0x000000008be00000, 0x000000008be00000| Untracked 
| 191|0x000000008bf00000, 0x000000008bf00000, 0x000000008c000000|  0%| F|  |TAMS 0x000000008bf00000, 0x000000008bf00000| Untracked 
| 192|0x000000008c000000, 0x000000008c000000, 0x000000008c100000|  0%| F|  |TAMS 0x000000008c000000, 0x000000008c000000| Untracked 
| 193|0x000000008c100000, 0x000000008c100000, 0x000000008c200000|  0%| F|  |TAMS 0x000000008c100000, 0x000000008c100000| Untracked 
| 194|0x000000008c200000, 0x000000008c200000, 0x000000008c300000|  0%| F|  |TAMS 0x000000008c200000, 0x000000008c200000| Untracked 
| 195|0x000000008c300000, 0x000000008c300000, 0x000000008c400000|  0%| F|  |TAMS 0x000000008c300000, 0x000000008c300000| Untracked 
| 196|0x000000008c400000, 0x000000008c400000, 0x000000008c500000|  0%| F|  |TAMS 0x000000008c400000, 0x000000008c400000| Untracked 
| 197|0x000000008c500000, 0x000000008c500000, 0x000000008c600000|  0%| F|  |TAMS 0x000000008c500000, 0x000000008c500000| Untracked 
| 198|0x000000008c600000, 0x000000008c600000, 0x000000008c700000|  0%| F|  |TAMS 0x000000008c600000, 0x000000008c600000| Untracked 
| 199|0x000000008c700000, 0x000000008c700000, 0x000000008c800000|  0%| F|  |TAMS 0x000000008c700000, 0x000000008c700000| Untracked 
| 200|0x000000008c800000, 0x000000008c800000, 0x000000008c900000|  0%| F|  |TAMS 0x000000008c800000, 0x000000008c800000| Untracked 
| 201|0x000000008c900000, 0x000000008c900000, 0x000000008ca00000|  0%| F|  |TAMS 0x000000008c900000, 0x000000008c900000| Untracked 
| 202|0x000000008ca00000, 0x000000008ca00000, 0x000000008cb00000|  0%| F|  |TAMS 0x000000008ca00000, 0x000000008ca00000| Untracked 
| 203|0x000000008cb00000, 0x000000008cb00000, 0x000000008cc00000|  0%| F|  |TAMS 0x000000008cb00000, 0x000000008cb00000| Untracked 
| 204|0x000000008cc00000, 0x000000008cc00000, 0x000000008cd00000|  0%| F|  |TAMS 0x000000008cc00000, 0x000000008cc00000| Untracked 
| 205|0x000000008cd00000, 0x000000008cd00000, 0x000000008ce00000|  0%| F|  |TAMS 0x000000008cd00000, 0x000000008cd00000| Untracked 
| 206|0x000000008ce00000, 0x000000008ce45050, 0x000000008cf00000| 26%| E|  |TAMS 0x000000008ce00000, 0x000000008ce00000| Complete 
| 207|0x000000008cf00000, 0x000000008d000000, 0x000000008d000000|100%| E|CS|TAMS 0x000000008cf00000, 0x000000008cf00000| Complete 
| 208|0x000000008d000000, 0x000000008d100000, 0x000000008d100000|100%| E|CS|TAMS 0x000000008d000000, 0x000000008d000000| Complete 
| 209|0x000000008d100000, 0x000000008d200000, 0x000000008d200000|100%| E|CS|TAMS 0x000000008d100000, 0x000000008d100000| Complete 
| 210|0x000000008d200000, 0x000000008d300000, 0x000000008d300000|100%| E|CS|TAMS 0x000000008d200000, 0x000000008d200000| Complete 
| 211|0x000000008d300000, 0x000000008d400000, 0x000000008d400000|100%| E|CS|TAMS 0x000000008d300000, 0x000000008d300000| Complete 
| 212|0x000000008d400000, 0x000000008d500000, 0x000000008d500000|100%| E|CS|TAMS 0x000000008d400000, 0x000000008d400000| Complete 
| 213|0x000000008d500000, 0x000000008d600000, 0x000000008d600000|100%| E|CS|TAMS 0x000000008d500000, 0x000000008d500000| Complete 
| 214|0x000000008d600000, 0x000000008d700000, 0x000000008d700000|100%| E|CS|TAMS 0x000000008d600000, 0x000000008d600000| Complete 
| 215|0x000000008d700000, 0x000000008d800000, 0x000000008d800000|100%| E|CS|TAMS 0x000000008d700000, 0x000000008d700000| Complete 
| 216|0x000000008d800000, 0x000000008d900000, 0x000000008d900000|100%| E|CS|TAMS 0x000000008d800000, 0x000000008d800000| Complete 
| 217|0x000000008d900000, 0x000000008da00000, 0x000000008da00000|100%| E|CS|TAMS 0x000000008d900000, 0x000000008d900000| Complete 
| 218|0x000000008da00000, 0x000000008db00000, 0x000000008db00000|100%| E|CS|TAMS 0x000000008da00000, 0x000000008da00000| Complete 
| 219|0x000000008db00000, 0x000000008dc00000, 0x000000008dc00000|100%| E|CS|TAMS 0x000000008db00000, 0x000000008db00000| Complete 
| 220|0x000000008dc00000, 0x000000008dd00000, 0x000000008dd00000|100%| E|CS|TAMS 0x000000008dc00000, 0x000000008dc00000| Complete 
| 221|0x000000008dd00000, 0x000000008de00000, 0x000000008de00000|100%| E|CS|TAMS 0x000000008dd00000, 0x000000008dd00000| Complete 
| 222|0x000000008de00000, 0x000000008df00000, 0x000000008df00000|100%| E|CS|TAMS 0x000000008de00000, 0x000000008de00000| Complete 
| 223|0x000000008df00000, 0x000000008e000000, 0x000000008e000000|100%| E|CS|TAMS 0x000000008df00000, 0x000000008df00000| Complete 

Card table byte_map: [0x00000224df770000,0x00000224dfb70000] _byte_map_base: 0x00000224df370000

Marking Bits (Prev, Next): (CMBitMap*) 0x00000224caa75660, (CMBitMap*) 0x00000224caa75628
 Prev Bits: [0x00000224e1f70000, 0x00000224e3f70000)
 Next Bits: [0x00000224dff70000, 0x00000224e1f70000)

Polling page: 0x00000224ca8e0000

Metaspace:

Usage:
  Non-class:    103.98 MB capacity,   101.82 MB ( 98%) used,     1.71 MB (  2%) free+waste,   463.38 KB ( <1%) overhead. 
      Class:     16.63 MB capacity,    15.15 MB ( 91%) used,     1.27 MB (  8%) free+waste,   217.69 KB (  1%) overhead. 
       Both:    120.62 MB capacity,   116.97 MB ( 97%) used,     2.98 MB (  2%) free+waste,   681.06 KB ( <1%) overhead. 

Virtual space:
  Non-class space:      106.00 MB reserved,     104.27 MB ( 98%) committed 
      Class space:        1.00 GB reserved,      16.70 MB (  2%) committed 
             Both:        1.10 GB reserved,     120.97 MB ( 11%) committed 

Chunk freelists:
   Non-Class:  104.00 KB
       Class:  57.00 KB
        Both:  161.00 KB

MaxMetaspaceSize: 17179869184.00 GB
CompressedClassSpaceSize: 1.00 GB
Initial GC threshold: 20.80 MB
Current GC threshold: 200.79 MB
CDS: off

CodeHeap 'non-profiled nmethods': size=120064Kb used=9468Kb max_used=9468Kb free=110595Kb
 bounds [0x00000224d7800000, 0x00000224d8140000, 0x00000224ded40000]
CodeHeap 'profiled nmethods': size=120000Kb used=38534Kb max_used=38534Kb free=81465Kb
 bounds [0x00000224d02d0000, 0x00000224d2880000, 0x00000224d7800000]
CodeHeap 'non-nmethods': size=5696Kb used=2445Kb max_used=2486Kb free=3250Kb
 bounds [0x00000224cfd40000, 0x00000224cffc0000, 0x00000224d02d0000]
 total_blobs=17979 nmethods=17001 adapters=888
 compilation: enabled
              stopped_count=0, restarted_count=0
 full_count=0

Compilation events (20 events):
Event: 39.889 Thread 0x00000224e6f64000 17245       2       com.android.tools.r8.internal.No::a (59 bytes)
Event: 39.890 Thread 0x00000224e6f64000 nmethod 17245 0x00000224d286da90 code [0x00000224d286dc60, 0x00000224d286df58]
Event: 39.890 Thread 0x00000224e6f64000 17246       2       com.android.tools.r8.graph.j2::d (4 bytes)
Event: 39.890 Thread 0x00000224e6f64000 nmethod 17246 0x00000224d286e210 code [0x00000224d286e3c0, 0x00000224d286e4b8]
Event: 39.890 Thread 0x00000224e6f64000 17247       2       com.android.tools.r8.internal.No::<init> (252 bytes)
Event: 39.892 Thread 0x00000224e6f64000 nmethod 17247 0x00000224d286e590 code [0x00000224d286e7c0, 0x00000224d286f488]
Event: 39.892 Thread 0x00000224e6f64000 17248       2       com.android.tools.r8.internal.h9::d (1 bytes)
Event: 39.892 Thread 0x00000224e6f64000 nmethod 17248 0x00000224d286f810 code [0x00000224d286f9c0, 0x00000224d286fab8]
Event: 39.892 Thread 0x00000224e6f64000 17249       2       com.android.tools.r8.internal.Lt::hasNext (13 bytes)
Event: 39.892 Thread 0x00000224e6f64000 nmethod 17249 0x00000224d286fb90 code [0x00000224d286fd40, 0x00000224d286fe58]
Event: 39.895 Thread 0x00000224e6f64000 17250       2       com.android.tools.r8.internal.Nt::b (26 bytes)
Event: 39.896 Thread 0x00000224e6f64000 nmethod 17250 0x00000224d286ff10 code [0x00000224d28700e0, 0x00000224d2870418]
Event: 39.896 Thread 0x00000224e6f64000 17251       2       com.android.tools.r8.internal.xt::iterator (12 bytes)
Event: 39.896 Thread 0x00000224e6f64000 nmethod 17251 0x00000224d2870510 code [0x00000224d28706c0, 0x00000224d28708d8]
Event: 39.897 Thread 0x00000224e6f64000 17252       2       com.android.tools.r8.internal.Aw::p (47 bytes)
Event: 39.897 Thread 0x00000224e6f64000 nmethod 17252 0x00000224d2870a10 code [0x00000224d2870bc0, 0x00000224d2870d08]
Event: 39.931 Thread 0x00000224e6f64000 17253       2       com.android.tools.r8.graph.k::I0 (60 bytes)
Event: 39.932 Thread 0x00000224e6f64000 nmethod 17253 0x00000224d2870d90 code [0x00000224d2870fa0, 0x00000224d2871438]
Event: 39.954 Thread 0x00000224e6f64000 17254       2       com.android.tools.r8.graph.L1::A (4 bytes)
Event: 39.954 Thread 0x00000224e6f64000 nmethod 17254 0x00000224d2871690 code [0x00000224d2871840, 0x00000224d2871918]

GC Heap History (20 events):
Event: 23.639 GC heap before
{Heap before GC invocations=20 (full 0):
 garbage-first heap   total 190464K, used 153600K [0x0000000080000000, 0x0000000100000000)
  region size 1024K, 87 young (89088K), 12 survivors (12288K)
 Metaspace       used 87324K, capacity 89654K, committed 89736K, reserved 1126400K
  class space    used 11415K, capacity 12283K, committed 12364K, reserved 1048576K
}
Event: 23.678 GC heap after
{Heap after GC invocations=21 (full 0):
 garbage-first heap   total 229376K, used 86016K [0x0000000080000000, 0x0000000100000000)
  region size 1024K, 9 young (9216K), 9 survivors (9216K)
 Metaspace       used 87324K, capacity 89654K, committed 89736K, reserved 1126400K
  class space    used 11415K, capacity 12283K, committed 12364K, reserved 1048576K
}
Event: 26.147 GC heap before
{Heap before GC invocations=21 (full 0):
 garbage-first heap   total 229376K, used 175104K [0x0000000080000000, 0x0000000100000000)
  region size 1024K, 95 young (97280K), 9 survivors (9216K)
 Metaspace       used 91011K, capacity 93536K, committed 93832K, reserved 1130496K
  class space    used 11791K, capacity 12762K, committed 12876K, reserved 1048576K
}
Event: 26.171 GC heap after
{Heap after GC invocations=22 (full 0):
 garbage-first heap   total 229376K, used 97648K [0x0000000080000000, 0x0000000100000000)
  region size 1024K, 12 young (12288K), 12 survivors (12288K)
 Metaspace       used 91011K, capacity 93536K, committed 93832K, reserved 1130496K
  class space    used 11791K, capacity 12762K, committed 12876K, reserved 1048576K
}
Event: 28.507 GC heap before
{Heap before GC invocations=22 (full 0):
 garbage-first heap   total 229376K, used 192880K [0x0000000080000000, 0x0000000100000000)
  region size 1024K, 91 young (93184K), 12 survivors (12288K)
 Metaspace       used 97211K, capacity 99822K, committed 99976K, reserved 1136640K
  class space    used 12519K, capacity 13560K, committed 13644K, reserved 1048576K
}
Event: 28.534 GC heap after
{Heap after GC invocations=23 (full 0):
 garbage-first heap   total 229376K, used 94535K [0x0000000080000000, 0x0000000100000000)
  region size 1024K, 4 young (4096K), 4 survivors (4096K)
 Metaspace       used 97211K, capacity 99822K, committed 99976K, reserved 1136640K
  class space    used 12519K, capacity 13560K, committed 13644K, reserved 1048576K
}
Event: 31.611 GC heap before
{Heap before GC invocations=23 (full 0):
 garbage-first heap   total 229376K, used 178503K [0x0000000080000000, 0x0000000100000000)
  region size 1024K, 87 young (89088K), 4 survivors (4096K)
 Metaspace       used 99791K, capacity 102433K, committed 102536K, reserved 1138688K
  class space    used 12793K, capacity 13830K, committed 13900K, reserved 1048576K
}
Event: 31.628 GC heap after
{Heap after GC invocations=24 (full 0):
 garbage-first heap   total 229376K, used 100034K [0x0000000080000000, 0x0000000100000000)
  region size 1024K, 9 young (9216K), 9 survivors (9216K)
 Metaspace       used 99791K, capacity 102433K, committed 102536K, reserved 1138688K
  class space    used 12793K, capacity 13830K, committed 13900K, reserved 1048576K
}
Event: 33.445 GC heap before
{Heap before GC invocations=24 (full 0):
 garbage-first heap   total 229376K, used 181954K [0x0000000080000000, 0x0000000100000000)
  region size 1024K, 90 young (92160K), 9 survivors (9216K)
 Metaspace       used 104014K, capacity 106726K, committed 106888K, reserved 1142784K
  class space    used 13306K, capacity 14359K, committed 14412K, reserved 1048576K
}
Event: 33.469 GC heap after
{Heap after GC invocations=25 (full 0):
 garbage-first heap   total 229376K, used 103903K [0x0000000080000000, 0x0000000100000000)
  region size 1024K, 5 young (5120K), 5 survivors (5120K)
 Metaspace       used 104014K, capacity 106726K, committed 106888K, reserved 1142784K
  class space    used 13306K, capacity 14359K, committed 14412K, reserved 1048576K
}
Event: 35.631 GC heap before
{Heap before GC invocations=25 (full 0):
 garbage-first heap   total 229376K, used 184799K [0x0000000080000000, 0x0000000100000000)
  region size 1024K, 85 young (87040K), 5 survivors (5120K)
 Metaspace       used 114297K, capacity 117810K, committed 118152K, reserved 1150976K
  class space    used 14928K, capacity 16331K, committed 16460K, reserved 1048576K
}
Event: 35.652 GC heap after
{Heap after GC invocations=26 (full 0):
 garbage-first heap   total 229376K, used 108772K [0x0000000080000000, 0x0000000100000000)
  region size 1024K, 10 young (10240K), 10 survivors (10240K)
 Metaspace       used 114297K, capacity 117810K, committed 118152K, reserved 1150976K
  class space    used 14928K, capacity 16331K, committed 16460K, reserved 1048576K
}
Event: 37.650 GC heap before
{Heap before GC invocations=26 (full 0):
 garbage-first heap   total 229376K, used 185572K [0x0000000080000000, 0x0000000100000000)
  region size 1024K, 86 young (88064K), 10 survivors (10240K)
 Metaspace       used 119222K, capacity 123002K, committed 123108K, reserved 1155072K
  class space    used 15535K, capacity 17082K, committed 17100K, reserved 1048576K
}
Event: 37.673 GC heap after
{Heap after GC invocations=27 (full 0):
 garbage-first heap   total 229376K, used 109470K [0x0000000080000000, 0x0000000100000000)
  region size 1024K, 6 young (6144K), 6 survivors (6144K)
 Metaspace       used 119222K, capacity 123002K, committed 123108K, reserved 1155072K
  class space    used 15535K, capacity 17082K, committed 17100K, reserved 1048576K
}
Event: 37.700 GC heap before
{Heap before GC invocations=27 (full 0):
 garbage-first heap   total 229376K, used 111518K [0x0000000080000000, 0x0000000100000000)
  region size 1024K, 9 young (9216K), 6 survivors (6144K)
 Metaspace       used 119239K, capacity 123002K, committed 123108K, reserved 1155072K
  class space    used 15535K, capacity 17082K, committed 17100K, reserved 1048576K
}
Event: 37.717 GC heap after
{Heap after GC invocations=28 (full 0):
 garbage-first heap   total 229376K, used 109024K [0x0000000080000000, 0x0000000100000000)
  region size 1024K, 6 young (6144K), 6 survivors (6144K)
 Metaspace       used 119239K, capacity 123002K, committed 123108K, reserved 1155072K
  class space    used 15535K, capacity 17082K, committed 17100K, reserved 1048576K
}
Event: 38.939 GC heap before
{Heap before GC invocations=29 (full 0):
 garbage-first heap   total 229376K, used 161248K [0x0000000080000000, 0x0000000100000000)
  region size 1024K, 57 young (58368K), 6 survivors (6144K)
 Metaspace       used 119434K, capacity 123140K, committed 123364K, reserved 1155072K
  class space    used 15507K, capacity 17026K, committed 17100K, reserved 1048576K
}
Event: 38.955 GC heap after
{Heap after GC invocations=30 (full 0):
 garbage-first heap   total 229376K, used 108844K [0x0000000080000000, 0x0000000100000000)
  region size 1024K, 3 young (3072K), 3 survivors (3072K)
 Metaspace       used 119434K, capacity 123140K, committed 123364K, reserved 1155072K
  class space    used 15507K, capacity 17026K, committed 17100K, reserved 1048576K
}
Event: 39.573 GC heap before
{Heap before GC invocations=30 (full 0):
 garbage-first heap   total 229376K, used 166188K [0x0000000080000000, 0x0000000100000000)
  region size 1024K, 59 young (60416K), 3 survivors (3072K)
 Metaspace       used 119745K, capacity 123509K, committed 123876K, reserved 1157120K
  class space    used 15510K, capacity 17031K, committed 17100K, reserved 1048576K
}
Event: 39.584 GC heap after
{Heap after GC invocations=31 (full 0):
 garbage-first heap   total 229376K, used 109625K [0x0000000080000000, 0x0000000100000000)
  region size 1024K, 4 young (4096K), 4 survivors (4096K)
 Metaspace       used 119745K, capacity 123509K, committed 123876K, reserved 1157120K
  class space    used 15510K, capacity 17031K, committed 17100K, reserved 1048576K
}

Deoptimization events (20 events):
Event: 39.664 Thread 0x00000224ea4fe800 DEOPT PACKING pc=0x00000224d1f7bce4 sp=0x0000008df22fcd30
Event: 39.664 Thread 0x00000224ea4fe800 DEOPT UNPACKING pc=0x00000224cfd8a95e sp=0x0000008df22fc1a8 mode 0
Event: 39.664 Thread 0x00000224ea4fe800 DEOPT PACKING pc=0x00000224d1d6e09c sp=0x0000008df22fd220
Event: 39.664 Thread 0x00000224ea4fe800 DEOPT UNPACKING pc=0x00000224cfd8a95e sp=0x0000008df22fc7f0 mode 0
Event: 39.752 Thread 0x00000224ecef1000 Uncommon trap: trap_request=0xffffffbe fr.pc=0x00000224d81379b0 relative=0x0000000000000210
Event: 39.752 Thread 0x00000224ecef1000 Uncommon trap: reason=profile_predicate action=maybe_recompile pc=0x00000224d81379b0 method=com.android.tools.r8.graph.e1.a([C)I @ 8 c2
Event: 39.752 Thread 0x00000224ecef1000 DEOPT PACKING pc=0x00000224d81379b0 sp=0x0000008df44f5c70
Event: 39.752 Thread 0x00000224ecef1000 DEOPT UNPACKING pc=0x00000224cfd8a1af sp=0x0000008df44f5bf8 mode 2
Event: 39.752 Thread 0x00000224ecef1000 Uncommon trap: trap_request=0xffffffbe fr.pc=0x00000224d81379b0 relative=0x0000000000000210
Event: 39.752 Thread 0x00000224ecef1000 Uncommon trap: reason=profile_predicate action=maybe_recompile pc=0x00000224d81379b0 method=com.android.tools.r8.graph.e1.a([C)I @ 8 c2
Event: 39.752 Thread 0x00000224ecef1000 DEOPT PACKING pc=0x00000224d81379b0 sp=0x0000008df44f5f00
Event: 39.752 Thread 0x00000224ecef1000 DEOPT UNPACKING pc=0x00000224cfd8a1af sp=0x0000008df44f5e88 mode 2
Event: 39.753 Thread 0x00000224ecef1000 Uncommon trap: trap_request=0xffffffbe fr.pc=0x00000224d81379b0 relative=0x0000000000000210
Event: 39.753 Thread 0x00000224ecef1000 Uncommon trap: reason=profile_predicate action=maybe_recompile pc=0x00000224d81379b0 method=com.android.tools.r8.graph.e1.a([C)I @ 8 c2
Event: 39.753 Thread 0x00000224ecef1000 DEOPT PACKING pc=0x00000224d81379b0 sp=0x0000008df44f5f00
Event: 39.753 Thread 0x00000224ecef1000 DEOPT UNPACKING pc=0x00000224cfd8a1af sp=0x0000008df44f5e88 mode 2
Event: 39.801 Thread 0x00000224e83c8000 Uncommon trap: trap_request=0xffffff4d fr.pc=0x00000224d8131f38 relative=0x0000000000002db8
Event: 39.801 Thread 0x00000224e83c8000 Uncommon trap: reason=unstable_if action=reinterpret pc=0x00000224d8131f38 method=com.android.tools.r8.graph.d.a(Lcom/android/tools/r8/graph/f1;Lcom/android/tools/r8/graph/q0;Lcom/android/tools/r8/graph/u3;)Lcom/android/tools/r8/graph/I1; @ 28 c2
Event: 39.801 Thread 0x00000224e83c8000 DEOPT PACKING pc=0x00000224d8131f38 sp=0x0000008df3af9560
Event: 39.801 Thread 0x00000224e83c8000 DEOPT UNPACKING pc=0x00000224cfd8a1af sp=0x0000008df3af9460 mode 2

Classes redefined (0 events):
No events

Internal exceptions (20 events):
Event: 35.501 Thread 0x00000224ecef1000 Exception <a 'java/lang/NoSuchMethodError'{0x0000000089555f68}: 'void java.lang.invoke.DirectMethodHandle$Holder.invokeSpecial(java.lang.Object, java.lang.Object, int, java.lang.Object)'> (0x0000000089555f68) thrown at [src/hotspot/share/interpreter/linkResolver.cpp, line 773]
Event: 35.619 Thread 0x00000224e83c8000 Exception <a 'java/lang/NoSuchMethodError'{0x000000008904c300}: 'int java.lang.invoke.DirectMethodHandle$Holder.invokeSpecial(java.lang.Object, java.lang.Object, java.lang.Object, int, java.lang.Object)'> (0x000000008904c300) thrown at [src/hotspot/share/interpreter/linkResolver.cpp, line 773]
Event: 35.619 Thread 0x00000224ea4fe800 Exception <a 'java/lang/NoSuchMethodError'{0x0000000089040840}: 'int java.lang.invoke.DirectMethodHandle$Holder.invokeSpecial(java.lang.Object, java.lang.Object, java.lang.Object, int, java.lang.Object)'> (0x0000000089040840) thrown at [src/hotspot/share/interpreter/linkResolver.cpp, line 773]
Event: 35.619 Thread 0x00000224e83c4800 Exception <a 'java/lang/NoSuchMethodError'{0x00000000890105c8}: 'int java.lang.invoke.DirectMethodHandle$Holder.invokeSpecial(java.lang.Object, java.lang.Object, java.lang.Object, int, java.lang.Object)'> (0x00000000890105c8) thrown at [src/hotspot/share/interpreter/linkResolver.cpp, line 773]
Event: 35.619 Thread 0x00000224ecef1000 Exception <a 'java/lang/NoSuchMethodError'{0x0000000089017c48}: 'int java.lang.invoke.DirectMethodHandle$Holder.invokeSpecial(java.lang.Object, java.lang.Object, java.lang.Object, int, java.lang.Object)'> (0x0000000089017c48) thrown at [src/hotspot/share/interpreter/linkResolver.cpp, line 773]
Event: 36.005 Thread 0x00000224e83c4800 Exception <a 'java/lang/NoSuchMethodError'{0x000000008d38bad8}: 'java.lang.Object java.lang.invoke.Invokers$Holder.linkToTargetMethod(java.lang.Object, int, java.lang.Object, java.lang.Object, java.lang.Object, java.lang.Object)'> (0x000000008d38bad8) thrown at [src/hotspot/share/interpreter/linkResolver.cpp, line 773]
Event: 36.011 Thread 0x00000224e83c4800 Exception <a 'java/lang/NoSuchMethodError'{0x000000008d3d1408}: 'void java.lang.invoke.DirectMethodHandle$Holder.invokeStatic(java.lang.Object, java.lang.Object, java.lang.Object, java.lang.Object, java.lang.Object, java.lang.Object, java.lang.Object, java.lang.Object)'> (0x000000008d3d1408) thrown at [src/hotspot/share/interpreter/linkResolver.cpp, line 773]
Event: 36.045 Thread 0x00000224ecef1000 Exception <a 'java/lang/NoSuchMethodError'{0x000000008d154ef8}: 'int java.lang.invoke.DirectMethodHandle$Holder.invokeStatic(java.lang.Object, java.lang.Object, int, java.lang.Object)'> (0x000000008d154ef8) thrown at [src/hotspot/share/interpreter/linkResolver.cpp, line 773]
Event: 36.164 Thread 0x00000224ecef1000 Exception <a 'java/lang/NoSuchMethodError'{0x000000008cc2f888}: 'java.lang.Object java.lang.invoke.DirectMethodHandle$Holder.invokeInterface(java.lang.Object, java.lang.Object, int)'> (0x000000008cc2f888) thrown at [src/hotspot/share/interpreter/linkResolver.cpp, line 773]
Event: 36.468 Thread 0x00000224e83c4800 Exception <a 'java/lang/IncompatibleClassChangeError'{0x000000008c1d5d88}: Found class java.lang.Object, but interface was expected> (0x000000008c1d5d88) thrown at [src/hotspot/share/interpreter/linkResolver.cpp, line 839]
Event: 36.853 Thread 0x00000224e83c4800 Exception <a 'java/lang/NoSuchMethodError'{0x000000008b3e5980}: 'void java.lang.invoke.DirectMethodHandle$Holder.invokeSpecial(java.lang.Object, java.lang.Object, int)'> (0x000000008b3e5980) thrown at [src/hotspot/share/interpreter/linkResolver.cpp, line 773]
Event: 37.003 Thread 0x00000224e83c4800 Exception <a 'sun/nio/fs/WindowsException'{0x000000008b280208}> (0x000000008b280208) thrown at [src/hotspot/share/prims/jni.cpp, line 617]
Event: 37.318 Thread 0x00000224ecef1000 Exception <a 'java/lang/NoSuchMethodError'{0x000000008a58f4a0}: 'int java.lang.invoke.DirectMethodHandle$Holder.invokeInterface(java.lang.Object, java.lang.Object, int)'> (0x000000008a58f4a0) thrown at [src/hotspot/share/interpreter/linkResolver.cpp, line 773]
Event: 37.574 Thread 0x00000224e83c8000 Exception <a 'sun/nio/fs/WindowsException'{0x0000000089c549a8}> (0x0000000089c549a8) thrown at [src/hotspot/share/prims/jni.cpp, line 617]
Event: 38.573 Thread 0x00000224ecef1000 Exception <a 'sun/nio/fs/WindowsException'{0x000000008ba26360}> (0x000000008ba26360) thrown at [src/hotspot/share/prims/jni.cpp, line 617]
Event: 38.715 Thread 0x00000224e83c4800 Exception <a 'sun/nio/fs/WindowsException'{0x000000008b4c44b0}> (0x000000008b4c44b0) thrown at [src/hotspot/share/prims/jni.cpp, line 617]
Event: 38.919 Thread 0x00000224e83c8000 Exception <a 'sun/nio/fs/WindowsException'{0x000000008a89bcc0}> (0x000000008a89bcc0) thrown at [src/hotspot/share/prims/jni.cpp, line 617]
Event: 39.202 Thread 0x00000224ea4fe800 Exception <a 'sun/nio/fs/WindowsException'{0x000000008ca9d508}> (0x000000008ca9d508) thrown at [src/hotspot/share/prims/jni.cpp, line 617]
Event: 39.403 Thread 0x00000224ecef1000 Exception <a 'sun/nio/fs/WindowsException'{0x000000008b9fbc98}> (0x000000008b9fbc98) thrown at [src/hotspot/share/prims/jni.cpp, line 617]
Event: 39.520 Thread 0x00000224e83c4800 Exception <a 'sun/nio/fs/WindowsException'{0x000000008ad96f80}> (0x000000008ad96f80) thrown at [src/hotspot/share/prims/jni.cpp, line 617]

Events (20 events):
Event: 39.355 loading class com/android/tools/r8/internal/qL done
Event: 39.355 loading class com/android/tools/r8/internal/qL
Event: 39.355 loading class com/android/tools/r8/internal/qL done
Event: 39.356 loading class com/android/tools/r8/internal/qL
Event: 39.356 loading class com/android/tools/r8/internal/qL done
Event: 39.356 loading class com/android/tools/r8/internal/qL
Event: 39.356 loading class com/android/tools/r8/internal/qL done
Event: 39.356 loading class com/android/tools/r8/internal/Ro
Event: 39.356 loading class com/android/tools/r8/internal/Ro done
Event: 39.356 loading class com/android/tools/r8/internal/qL
Event: 39.356 loading class com/android/tools/r8/internal/qL done
Event: 39.356 loading class com/android/tools/r8/internal/lp
Event: 39.357 loading class com/android/tools/r8/internal/lp done
Event: 39.362 loading class com/android/tools/r8/ir/regalloc/b
Event: 39.362 loading class com/android/tools/r8/ir/regalloc/b done
Event: 39.570 Executing VM operation: G1CollectForAllocation
Event: 39.584 Executing VM operation: G1CollectForAllocation done
Event: 39.617 loading class com/android/tools/r8/internal/nh
Event: 39.617 loading class com/android/tools/r8/internal/nh done
Event: 39.954 Executing VM operation: CGC_Operation


Dynamic libraries:
0x00007ff727990000 - 0x00007ff72799a000 	C:\Program Files\Android\Android Studio\jbr\bin\java.exe
0x00007ffc0c570000 - 0x00007ffc0c768000 	C:\Windows\SYSTEM32\ntdll.dll
0x00007ffc0b510000 - 0x00007ffc0b5cf000 	C:\Windows\System32\KERNEL32.DLL
0x00007ffc0a200000 - 0x00007ffc0a4d2000 	C:\Windows\System32\KERNELBASE.dll
0x00007ffc09fa0000 - 0x00007ffc0a0a0000 	C:\Windows\System32\ucrtbase.dll
0x00007ffbdf7b0000 - 0x00007ffbdf7cb000 	C:\Program Files\Android\Android Studio\jbr\bin\VCRUNTIME140.dll
0x00007ffbf47c0000 - 0x00007ffbf47d7000 	C:\Program Files\Android\Android Studio\jbr\bin\jli.dll
0x00007ffbf4330000 - 0x00007ffbf45ca000 	C:\Windows\WinSxS\amd64_microsoft.windows.common-controls_6595b64144ccf1df_6.0.19041.1110_none_60b5254171f9507e\COMCTL32.dll
0x00007ffc0c1e0000 - 0x00007ffc0c381000 	C:\Windows\System32\USER32.dll
0x00007ffc0ac10000 - 0x00007ffc0acae000 	C:\Windows\System32\msvcrt.dll
0x00007ffc0a580000 - 0x00007ffc0a5a2000 	C:\Windows\System32\win32u.dll
0x00007ffc0ad80000 - 0x00007ffc0adab000 	C:\Windows\System32\GDI32.dll
0x00007ffc09e00000 - 0x00007ffc09f0f000 	C:\Windows\System32\gdi32full.dll
0x00007ffc0a4e0000 - 0x00007ffc0a57d000 	C:\Windows\System32\msvcp_win.dll
0x00007ffc0a5b0000 - 0x00007ffc0a5e2000 	C:\Windows\System32\IMM32.DLL
0x00007ffbbf480000 - 0x00007ffbbf50d000 	C:\Program Files\Android\Android Studio\jbr\bin\msvcp140.dll
0x00007ffc07590000 - 0x00007ffc0759c000 	C:\Windows\SYSTEM32\VCRUNTIME140_1.dll
0x00007ffba4710000 - 0x00007ffba52cc000 	C:\Program Files\Android\Android Studio\jbr\bin\server\jvm.dll
0x00007ffc0b9e0000 - 0x00007ffc0ba8e000 	C:\Windows\System32\ADVAPI32.dll
0x00007ffc0bbd0000 - 0x00007ffc0bc6c000 	C:\Windows\System32\sechost.dll
0x00007ffc0bcf0000 - 0x00007ffc0be15000 	C:\Windows\System32\RPCRT4.dll
0x00007ffc0b500000 - 0x00007ffc0b508000 	C:\Windows\System32\PSAPI.DLL
0x00007ffbf1520000 - 0x00007ffbf1547000 	C:\Windows\SYSTEM32\WINMM.dll
0x00007ffbf8ec0000 - 0x00007ffbf8eca000 	C:\Windows\SYSTEM32\VERSION.dll
0x00007ffbe3e10000 - 0x00007ffbe3e19000 	C:\Windows\SYSTEM32\WSOCK32.dll
0x00007ffc0c4c0000 - 0x00007ffc0c52b000 	C:\Windows\System32\ws2_32.DLL
0x00007ffc084b0000 - 0x00007ffc084c2000 	C:\Windows\SYSTEM32\kernel.appcore.dll
0x00007ffbdcd00000 - 0x00007ffbdcd10000 	C:\Program Files\Android\Android Studio\jbr\bin\verify.dll
0x00007ffc00c50000 - 0x00007ffc00e34000 	C:\Windows\SYSTEM32\DBGHELP.DLL
0x00007ffbf1340000 - 0x00007ffbf1375000 	C:\Windows\SYSTEM32\dbgcore.DLL
0x00007ffc09f10000 - 0x00007ffc09f92000 	C:\Windows\System32\bcryptPrimitives.dll
0x00007ffbcf0d0000 - 0x00007ffbcf0f8000 	C:\Program Files\Android\Android Studio\jbr\bin\java.dll
0x00007ffbdca50000 - 0x00007ffbdca5a000 	C:\Program Files\Android\Android Studio\jbr\bin\jimage.dll
0x00007ffbcea10000 - 0x00007ffbcea28000 	C:\Program Files\Android\Android Studio\jbr\bin\zip.dll
0x00007ffc0adb0000 - 0x00007ffc0b4f4000 	C:\Windows\System32\SHELL32.dll
0x00007ffc07d00000 - 0x00007ffc08492000 	C:\Windows\SYSTEM32\windows.storage.dll
0x00007ffc0be80000 - 0x00007ffc0c1d5000 	C:\Windows\System32\combase.dll
0x00007ffc09650000 - 0x00007ffc09680000 	C:\Windows\SYSTEM32\Wldp.dll
0x00007ffc0acb0000 - 0x00007ffc0ad5d000 	C:\Windows\System32\SHCORE.dll
0x00007ffc0b5d0000 - 0x00007ffc0b625000 	C:\Windows\System32\shlwapi.dll
0x00007ffc09ba0000 - 0x00007ffc09bbf000 	C:\Windows\SYSTEM32\profapi.dll
0x00007ffbcc970000 - 0x00007ffbcc989000 	C:\Program Files\Android\Android Studio\jbr\bin\net.dll
0x00007ffbf69f0000 - 0x00007ffbf6afc000 	C:\Windows\SYSTEM32\WINHTTP.dll
0x00007ffc093b0000 - 0x00007ffc0941a000 	C:\Windows\system32\mswsock.dll
0x00007ffbcc950000 - 0x00007ffbcc963000 	C:\Program Files\Android\Android Studio\jbr\bin\nio.dll
0x00007ffbf37e0000 - 0x00007ffbf3807000 	C:\Users\ShadowHunter\.gradle\native\e1d6ef7f7dcc3fd88c89a11ec53ec762bb8ba0a96d01ffa2cd45eb1d1d8dd5c5\windows-amd64\native-platform.dll
0x00007ffbbfc20000 - 0x00007ffbbfd64000 	C:\Users\ShadowHunter\.gradle\native\0d407fdbe67a94daf76414ababcb853783967236a71b16ec16e742cd7a986fd3\windows-amd64\native-platform-file-events.dll
0x00007ffbdc990000 - 0x00007ffbdc99a000 	C:\Program Files\Android\Android Studio\jbr\bin\management.dll
0x00007ffbdc260000 - 0x00007ffbdc26b000 	C:\Program Files\Android\Android Studio\jbr\bin\management_ext.dll
0x00007ffc095a0000 - 0x00007ffc095b8000 	C:\Windows\SYSTEM32\CRYPTSP.dll
0x00007ffc08c60000 - 0x00007ffc08c94000 	C:\Windows\system32\rsaenh.dll
0x00007ffc09c60000 - 0x00007ffc09c87000 	C:\Windows\System32\bcrypt.dll
0x00007ffc09b60000 - 0x00007ffc09b8e000 	C:\Windows\SYSTEM32\USERENV.dll
0x00007ffc095c0000 - 0x00007ffc095cc000 	C:\Windows\SYSTEM32\CRYPTBASE.dll
0x00007ffc090a0000 - 0x00007ffc090db000 	C:\Windows\SYSTEM32\IPHLPAPI.DLL
0x00007ffc0ba90000 - 0x00007ffc0ba98000 	C:\Windows\System32\NSI.dll
0x00007ffbf8980000 - 0x00007ffbf8997000 	C:\Windows\SYSTEM32\dhcpcsvc6.DLL
0x00007ffbf9080000 - 0x00007ffbf909d000 	C:\Windows\SYSTEM32\dhcpcsvc.DLL
0x00007ffc090e0000 - 0x00007ffc091aa000 	C:\Windows\SYSTEM32\DNSAPI.dll
0x00007ffc08df0000 - 0x00007ffc08e23000 	C:\Windows\SYSTEM32\ntmarta.dll

dbghelp: loaded successfully - version: 4.0.5 - missing functions: none
symbol engine: initialized successfully - sym options: 0x614 - pdb path: .;C:\Program Files\Android\Android Studio\jbr\bin;C:\Windows\SYSTEM32;C:\Windows\WinSxS\amd64_microsoft.windows.common-controls_6595b64144ccf1df_6.0.19041.1110_none_60b5254171f9507e;C:\Program Files\Android\Android Studio\jbr\bin\server;C:\Users\ShadowHunter\.gradle\native\e1d6ef7f7dcc3fd88c89a11ec53ec762bb8ba0a96d01ffa2cd45eb1d1d8dd5c5\windows-amd64;C:\Users\ShadowHunter\.gradle\native\0d407fdbe67a94daf76414ababcb853783967236a71b16ec16e742cd7a986fd3\windows-amd64

VM Arguments:
jvm_args: --add-opens=java.base/java.util=ALL-UNNAMED --add-opens=java.base/java.lang=ALL-UNNAMED --add-opens=java.base/java.lang.invoke=ALL-UNNAMED --add-opens=java.base/java.util=ALL-UNNAMED --add-opens=java.prefs/java.util.prefs=ALL-UNNAMED --add-opens=java.prefs/java.util.prefs=ALL-UNNAMED --add-opens=java.base/java.nio.charset=ALL-UNNAMED --add-opens=java.base/java.net=ALL-UNNAMED --add-opens=java.base/java.util.concurrent.atomic=ALL-UNNAMED -Xmx2048m -Dfile.encoding=UTF-8 -Duser.country=US -Duser.language=en -Duser.variant 
java_command: org.gradle.launcher.daemon.bootstrap.GradleDaemon 7.5
java_class_path (initial): C:\Users\ShadowHunter\.gradle\wrapper\dists\gradle-7.5-bin\f1w0cc9nuo0eivz97x2xlu9sv\gradle-7.5\lib\gradle-launcher-7.5.jar
Launcher Type: SUN_STANDARD

[Global flags]
     intx CICompilerCount                          = 3                                         {product} {ergonomic}
     uint ConcGCThreads                            = 1                                         {product} {ergonomic}
     uint G1ConcRefinementThreads                  = 4                                         {product} {ergonomic}
   size_t G1HeapRegionSize                         = 1048576                                   {product} {ergonomic}
    uintx GCDrainStackTargetSize                   = 64                                        {product} {ergonomic}
   size_t InitialHeapSize                          = 134217728                                 {product} {ergonomic}
   size_t MarkStackSize                            = 4194304                                   {product} {ergonomic}
   size_t MaxHeapSize                              = 2147483648                                {product} {command line}
   size_t MaxNewSize                               = 1287651328                                {product} {ergonomic}
   size_t MinHeapDeltaBytes                        = 1048576                                   {product} {ergonomic}
    uintx NonNMethodCodeHeapSize                   = 5830732                                {pd product} {ergonomic}
    uintx NonProfiledCodeHeapSize                  = 122913754                              {pd product} {ergonomic}
    uintx ProfiledCodeHeapSize                     = 122913754                              {pd product} {ergonomic}
    uintx ReservedCodeCacheSize                    = 251658240                              {pd product} {ergonomic}
     bool SegmentedCodeCache                       = true                                      {product} {ergonomic}
     bool UseCompressedClassPointers               = true                                 {lp64_product} {ergonomic}
     bool UseCompressedOops                        = true                                 {lp64_product} {ergonomic}
     bool UseG1GC                                  = true                                      {product} {ergonomic}
     bool UseLargePagesIndividualAllocation        = false                                  {pd product} {ergonomic}

Logging:
Log output configuration:
 #0: stdout all=warning uptime,level,tags
 #1: stderr all=off uptime,level,tags

Environment Variables:
PATH=C:\Windows\system32;C:\Windows;C:\Windows\System32\Wbem;C:\Windows\System32\WindowsPowerShell\v1.0\;C:\Windows\System32\OpenSSH\;C:\Users\ShadowHunter\AppData\Roaming\nvm;C:\Program Files\nodejs;C:\ProgramData\chocolatey\bin;C:\Users\ShadowHunter\AppData\Local\Microsoft\WindowsApps;C:\Users\ShadowHunter\AppData\Roaming\nvm;C:\Program Files\nodejs;C:\tools\dart-sdk\bin;C:\Users\ShadowHunter\AppData\Roaming\Pub\Cache\bin;C:\Users\ShadowHunter\AppData\Local\GitHubDesktop\bin;C:\Users\ShadowHunter\AppData\Local\Programs\Microsoft VS Code\bin;C:\Users\ShadowHunter\AppData\Local\Programs\mongosh\;C:\Users\ShadowHunter\AppData\Local\Android\Sdk\platform-tools;D:\scrcpy;C:\Program Files\Git\mingw64\bin;C:\Users\ShadowHunter\fvm\default\bin;
USERNAME=ShadowHunter
OS=Windows_NT
PROCESSOR_IDENTIFIER=Intel64 Family 6 Model 78 Stepping 3, GenuineIntel



---------------  S Y S T E M  ---------------

OS: Windows 10 , 64 bit Build 19041 (10.0.19041.2364)
OS uptime: 9 days 5:16 hours

CPU:total 4 (initial active 4) (2 cores per cpu, 2 threads per core) family 6 model 78 stepping 3 microcode 0xcc, cmov, cx8, fxsr, mmx, sse, sse2, sse3, ssse3, sse4.1, sse4.2, popcnt, avx, avx2, aes, clmul, erms, 3dnowpref, lzcnt, ht, tsc, tscinvbit, bmi1, bmi2, adx, fma

Memory: 4k page, system-wide physical 8072M (394M free)
TotalPageFile size 14756M (AvailPageFile size 2347M)
current process WorkingSet (physical memory assigned to process): 530M, peak: 530M
current process commit charge ("private bytes"): 591M, peak: 591M

vm_info: OpenJDK 64-Bit Server VM (11.0.15+0-b2043.56-8887301) for windows-amd64 JRE (11.0.15+0-b2043.56-8887301), built on Jul 29 2022 23:19:47 by "builduser" with unknown MS VC++:1929

END.
